{"/home/explofish/.paperclip/instances/default/workspaces/ddd672a9-8bb3-4658-bd28-b42c7ea19ebc/job-platform/backend/server.js": {"path":"/home/explofish/.paperclip/instances/default/workspaces/ddd672a9-8bb3-4658-bd28-b42c7ea19ebc/job-platform/backend/server.js","statementMap":{"0":{"start":{"line":1,"column":0},"end":{"line":1,"column":27}},"1":{"start":{"line":2,"column":16},"end":{"line":2,"column":34}},"2":{"start":{"line":3,"column":13},"end":{"line":3,"column":28}},"3":{"start":{"line":4,"column":15},"end":{"line":4,"column":32}},"4":{"start":{"line":5,"column":15},"end":{"line":5,"column":32}},"5":{"start":{"line":6,"column":17},"end":{"line":6,"column":30}},"6":{"start":{"line":8,"column":12},"end":{"line":8,"column":21}},"7":{"start":{"line":9,"column":13},"end":{"line":9,"column":37}},"8":{"start":{"line":12,"column":13},"end":{"line":18,"column":2}},"9":{"start":{"line":21,"column":0},"end":{"line":21,"column":18}},"10":{"start":{"line":22,"column":0},"end":{"line":22,"column":16}},"11":{"start":{"line":23,"column":0},"end":{"line":23,"column":24}},"12":{"start":{"line":24,"column":0},"end":{"line":24,"column":28}},"13":{"start":{"line":27,"column":0},"end":{"line":27,"column":21}},"14":{"start":{"line":30,"column":0},"end":{"line":32,"column":3}},"15":{"start":{"line":31,"column":2},"end":{"line":31,"column":66}},"16":{"start":{"line":35,"column":0},"end":{"line":35,"column":47}},"17":{"start":{"line":36,"column":0},"end":{"line":36,"column":57}},"18":{"start":{"line":37,"column":0},"end":{"line":37,"column":57}},"19":{"start":{"line":38,"column":0},"end":{"line":38,"column":47}},"20":{"start":{"line":39,"column":0},"end":{"line":39,"column":63}},"21":{"start":{"line":40,"column":0},"end":{"line":40,"column":53}},"22":{"start":{"line":41,"column":0},"end":{"line":41,"column":65}},"23":{"start":{"line":42,"column":0},"end":{"line":42,"column":69}},"24":{"start":{"line":43,"column":0},"end":{"line":43,"column":56}},"25":{"start":{"line":46,"column":0},"end":{"line":52,"column":3}},"26":{"start":{"line":47,"column":2},"end":{"line":47,"column":27}},"27":{"start":{"line":48,"column":2},"end":{"line":51,"column":5}},"28":{"start":{"line":55,"column":0},"end":{"line":57,"column":3}},"29":{"start":{"line":56,"column":2},"end":{"line":56,"column":53}},"30":{"start":{"line":60,"column":0},"end":{"line":65,"column":1}},"31":{"start":{"line":61,"column":2},"end":{"line":64,"column":5}},"32":{"start":{"line":62,"column":4},"end":{"line":62,"column":53}},"33":{"start":{"line":63,"column":4},"end":{"line":63,"column":68}},"34":{"start":{"line":67,"column":0},"end":{"line":67,"column":21}}},"fnMap":{"0":{"name":"(anonymous_0)","decl":{"start":{"line":30,"column":23},"end":{"line":30,"column":24}},"loc":{"start":{"line":30,"column":37},"end":{"line":32,"column":1}},"line":30},"1":{"name":"(anonymous_1)","decl":{"start":{"line":46,"column":8},"end":{"line":46,"column":9}},"loc":{"start":{"line":46,"column":33},"end":{"line":52,"column":1}},"line":46},"2":{"name":"(anonymous_2)","decl":{"start":{"line":55,"column":8},"end":{"line":55,"column":9}},"loc":{"start":{"line":55,"column":22},"end":{"line":57,"column":1}},"line":55},"3":{"name":"(anonymous_3)","decl":{"start":{"line":61,"column":19},"end":{"line":61,"column":20}},"loc":{"start":{"line":61,"column":25},"end":{"line":64,"column":3}},"line":61}},"branchMap":{"0":{"loc":{"start":{"line":9,"column":13},"end":{"line":9,"column":37}},"type":"binary-expr","locations":[{"start":{"line":9,"column":13},"end":{"line":9,"column":29}},{"start":{"line":9,"column":33},"end":{"line":9,"column":37}}],"line":9},"1":{"loc":{"start":{"line":13,"column":8},"end":{"line":13,"column":42}},"type":"binary-expr","locations":[{"start":{"line":13,"column":8},"end":{"line":13,"column":27}},{"start":{"line":13,"column":31},"end":{"line":13,"column":42}}],"line":13},"2":{"loc":{"start":{"line":14,"column":8},"end":{"line":14,"column":35}},"type":"binary-expr","locations":[{"start":{"line":14,"column":8},"end":{"line":14,"column":27}},{"start":{"line":14,"column":31},"end":{"line":14,"column":35}}],"line":14},"3":{"loc":{"start":{"line":15,"column":12},"end":{"line":15,"column":48}},"type":"binary-expr","locations":[{"start":{"line":15,"column":12},"end":{"line":15,"column":31}},{"start":{"line":15,"column":35},"end":{"line":15,"column":48}}],"line":15},"4":{"loc":{"start":{"line":16,"column":8},"end":{"line":16,"column":41}},"type":"binary-expr","locations":[{"start":{"line":16,"column":8},"end":{"line":16,"column":27}},{"start":{"line":16,"column":31},"end":{"line":16,"column":41}}],"line":16},"5":{"loc":{"start":{"line":17,"column":12},"end":{"line":17,"column":49}},"type":"binary-expr","locations":[{"start":{"line":17,"column":12},"end":{"line":17,"column":35}},{"start":{"line":17,"column":39},"end":{"line":17,"column":49}}],"line":17},"6":{"loc":{"start":{"line":50,"column":13},"end":{"line":50,"column":77}},"type":"cond-expr","locations":[{"start":{"line":50,"column":54},"end":{"line":50,"column":65}},{"start":{"line":50,"column":68},"end":{"line":50,"column":77}}],"line":50},"7":{"loc":{"start":{"line":60,"column":0},"end":{"line":65,"column":1}},"type":"if","locations":[{"start":{"line":60,"column":0},"end":{"line":65,"column":1}},{"start":{},"end":{}}],"line":60}},"s":{"0":1,"1":1,"2":1,"3":1,"4":1,"5":1,"6":1,"7":1,"8":1,"9":1,"10":1,"11":1,"12":1,"13":1,"14":1,"15":0,"16":1,"17":1,"18":1,"19":1,"20":1,"21":1,"22":1,"23":1,"24":1,"25":1,"26":0,"27":0,"28":1,"29":0,"30":1,"31":1,"32":1,"33":1,"34":1},"f":{"0":0,"1":0,"2":0,"3":1},"b":{"0":[1,1],"1":[1,1],"2":[1,1],"3":[1,1],"4":[1,1],"5":[1,1],"6":[0,0],"7":[1,0]},"_coverageSchema":"1a1c01bbd47fc00a2c39e90264f33305004495a9","hash":"6692c91be9871b37fe7d4a5e70c63b3d871bbfaa"}
,"/home/explofish/.paperclip/instances/default/workspaces/ddd672a9-8bb3-4658-bd28-b42c7ea19ebc/job-platform/backend/email-system/EmailService.js": {"path":"/home/explofish/.paperclip/instances/default/workspaces/ddd672a9-8bb3-4658-bd28-b42c7ea19ebc/job-platform/backend/email-system/EmailService.js","statementMap":{"0":{"start":{"line":24,"column":17},"end":{"line":24,"column":30}},"1":{"start":{"line":28,"column":4},"end":{"line":28,"column":78}},"2":{"start":{"line":29,"column":4},"end":{"line":29,"column":89}},"3":{"start":{"line":30,"column":4},"end":{"line":30,"column":81}},"4":{"start":{"line":31,"column":4},"end":{"line":31,"column":88}},"5":{"start":{"line":32,"column":4},"end":{"line":32,"column":23}},"6":{"start":{"line":33,"column":4},"end":{"line":33,"column":32}},"7":{"start":{"line":36,"column":4},"end":{"line":36,"column":24}},"8":{"start":{"line":40,"column":4},"end":{"line":60,"column":5}},"9":{"start":{"line":42,"column":8},"end":{"line":42,"column":28}},"10":{"start":{"line":43,"column":8},"end":{"line":43,"column":14}},"11":{"start":{"line":45,"column":8},"end":{"line":45,"column":23}},"12":{"start":{"line":46,"column":8},"end":{"line":46,"column":14}},"13":{"start":{"line":48,"column":8},"end":{"line":48,"column":26}},"14":{"start":{"line":49,"column":8},"end":{"line":49,"column":14}},"15":{"start":{"line":51,"column":8},"end":{"line":51,"column":27}},"16":{"start":{"line":52,"column":8},"end":{"line":52,"column":14}},"17":{"start":{"line":54,"column":8},"end":{"line":54,"column":24}},"18":{"start":{"line":55,"column":8},"end":{"line":55,"column":14}},"19":{"start":{"line":58,"column":8},"end":{"line":58,"column":65}},"20":{"start":{"line":59,"column":8},"end":{"line":59,"column":34}},"21":{"start":{"line":64,"column":4},"end":{"line":72,"column":5}},"22":{"start":{"line":65,"column":21},"end":{"line":65,"column":46}},"23":{"start":{"line":66,"column":6},"end":{"line":66,"column":53}},"24":{"start":{"line":67,"column":6},"end":{"line":67,"column":27}},"25":{"start":{"line":68,"column":6},"end":{"line":68,"column":60}},"26":{"start":{"line":70,"column":6},"end":{"line":70,"column":69}},"27":{"start":{"line":71,"column":6},"end":{"line":71,"column":32}},"28":{"start":{"line":76,"column":4},"end":{"line":86,"column":5}},"29":{"start":{"line":77,"column":46},"end":{"line":77,"column":76}},"30":{"start":{"line":78,"column":6},"end":{"line":80,"column":9}},"31":{"start":{"line":81,"column":6},"end":{"line":81,"column":47}},"32":{"start":{"line":82,"column":6},"end":{"line":82,"column":59}},"33":{"start":{"line":84,"column":6},"end":{"line":84,"column":68}},"34":{"start":{"line":85,"column":6},"end":{"line":85,"column":32}},"35":{"start":{"line":90,"column":4},"end":{"line":97,"column":5}},"36":{"start":{"line":91,"column":25},"end":{"line":91,"column":42}},"37":{"start":{"line":92,"column":6},"end":{"line":92,"column":59}},"38":{"start":{"line":93,"column":6},"end":{"line":93,"column":58}},"39":{"start":{"line":95,"column":6},"end":{"line":95,"column":67}},"40":{"start":{"line":96,"column":6},"end":{"line":96,"column":32}},"41":{"start":{"line":101,"column":4},"end":{"line":114,"column":5}},"42":{"start":{"line":102,"column":23},"end":{"line":102,"column":43}},"43":{"start":{"line":103,"column":22},"end":{"line":103,"column":43}},"44":{"start":{"line":104,"column":22},"end":{"line":104,"column":43}},"45":{"start":{"line":105,"column":6},"end":{"line":108,"column":9}},"46":{"start":{"line":109,"column":6},"end":{"line":109,"column":54}},"47":{"start":{"line":110,"column":6},"end":{"line":110,"column":59}},"48":{"start":{"line":112,"column":6},"end":{"line":112,"column":68}},"49":{"start":{"line":113,"column":6},"end":{"line":113,"column":32}},"50":{"start":{"line":118,"column":4},"end":{"line":133,"column":5}},"51":{"start":{"line":119,"column":25},"end":{"line":119,"column":46}},"52":{"start":{"line":120,"column":6},"end":{"line":128,"column":9}},"53":{"start":{"line":129,"column":6},"end":{"line":129,"column":56}},"54":{"start":{"line":131,"column":6},"end":{"line":131,"column":65}},"55":{"start":{"line":132,"column":6},"end":{"line":132,"column":32}},"56":{"start":{"line":140,"column":16},"end":{"line":140,"column":26}},"57":{"start":{"line":141,"column":22},"end":{"line":141,"column":31}},"58":{"start":{"line":144,"column":4},"end":{"line":147,"column":5}},"59":{"start":{"line":145,"column":6},"end":{"line":145,"column":25}},"60":{"start":{"line":146,"column":6},"end":{"line":146,"column":27}},"61":{"start":{"line":149,"column":4},"end":{"line":152,"column":5}},"62":{"start":{"line":150,"column":23},"end":{"line":150,"column":77}},"63":{"start":{"line":151,"column":6},"end":{"line":151,"column":79}},"64":{"start":{"line":159,"column":4},"end":{"line":159,"column":26}},"65":{"start":{"line":161,"column":24},"end":{"line":161,"column":72}},"66":{"start":{"line":163,"column":4},"end":{"line":197,"column":5}},"67":{"start":{"line":166,"column":6},"end":{"line":184,"column":7}},"68":{"start":{"line":168,"column":10},"end":{"line":168,"column":104}},"69":{"start":{"line":169,"column":10},"end":{"line":169,"column":16}},"70":{"start":{"line":171,"column":10},"end":{"line":171,"column":99}},"71":{"start":{"line":172,"column":10},"end":{"line":172,"column":16}},"72":{"start":{"line":174,"column":10},"end":{"line":174,"column":114}},"73":{"start":{"line":175,"column":10},"end":{"line":175,"column":16}},"74":{"start":{"line":177,"column":10},"end":{"line":177,"column":103}},"75":{"start":{"line":178,"column":10},"end":{"line":178,"column":16}},"76":{"start":{"line":180,"column":10},"end":{"line":180,"column":100}},"77":{"start":{"line":181,"column":10},"end":{"line":181,"column":16}},"78":{"start":{"line":183,"column":10},"end":{"line":183,"column":92}},"79":{"start":{"line":186,"column":6},"end":{"line":186,"column":23}},"80":{"start":{"line":188,"column":6},"end":{"line":193,"column":8}},"81":{"start":{"line":195,"column":6},"end":{"line":195,"column":49}},"82":{"start":{"line":196,"column":6},"end":{"line":196,"column":18}},"83":{"start":{"line":201,"column":16},"end":{"line":208,"column":5}},"84":{"start":{"line":210,"column":21},"end":{"line":210,"column":48}},"85":{"start":{"line":211,"column":4},"end":{"line":211,"column":63}},"86":{"start":{"line":215,"column":19},"end":{"line":226,"column":5}},"87":{"start":{"line":228,"column":20},"end":{"line":228,"column":53}},"88":{"start":{"line":229,"column":21},"end":{"line":229,"column":52}},"89":{"start":{"line":230,"column":4},"end":{"line":230,"column":45}},"90":{"start":{"line":234,"column":20},"end":{"line":244,"column":5}},"91":{"start":{"line":246,"column":19},"end":{"line":246,"column":57}},"92":{"start":{"line":247,"column":4},"end":{"line":247,"column":29}},"93":{"start":{"line":251,"column":24},"end":{"line":258,"column":5}},"94":{"start":{"line":260,"column":19},"end":{"line":260,"column":85}},"95":{"start":{"line":261,"column":4},"end":{"line":261,"column":36}},"96":{"start":{"line":265,"column":19},"end":{"line":272,"column":6}},"97":{"start":{"line":273,"column":4},"end":{"line":273,"column":43}},"98":{"start":{"line":277,"column":4},"end":{"line":287,"column":7}},"99":{"start":{"line":288,"column":4},"end":{"line":288,"column":46}},"100":{"start":{"line":295,"column":20},"end":{"line":299,"column":5}},"101":{"start":{"line":301,"column":22},"end":{"line":301,"column":45}},"102":{"start":{"line":302,"column":32},"end":{"line":302,"column":67}},"103":{"start":{"line":304,"column":4},"end":{"line":322,"column":5}},"104":{"start":{"line":304,"column":17},"end":{"line":304,"column":18}},"105":{"start":{"line":305,"column":20},"end":{"line":305,"column":50}},"106":{"start":{"line":307,"column":28},"end":{"line":314,"column":8}},"107":{"start":{"line":308,"column":8},"end":{"line":313,"column":9}},"108":{"start":{"line":309,"column":25},"end":{"line":309,"column":52}},"109":{"start":{"line":310,"column":10},"end":{"line":310,"column":66}},"110":{"start":{"line":312,"column":10},"end":{"line":312,"column":73}},"111":{"start":{"line":316,"column":6},"end":{"line":316,"column":39}},"112":{"start":{"line":319,"column":6},"end":{"line":321,"column":7}},"113":{"start":{"line":320,"column":8},"end":{"line":320,"column":79}},"114":{"start":{"line":320,"column":37},"end":{"line":320,"column":77}},"115":{"start":{"line":324,"column":4},"end":{"line":324,"column":19}},"116":{"start":{"line":331,"column":4},"end":{"line":353,"column":5}},"117":{"start":{"line":333,"column":25},"end":{"line":338,"column":8}},"118":{"start":{"line":340,"column":6},"end":{"line":345,"column":8}},"119":{"start":{"line":347,"column":6},"end":{"line":352,"column":8}},"120":{"start":{"line":357,"column":0},"end":{"line":357,"column":30}}},"fnMap":{"0":{"name":"(anonymous_0)","decl":{"start":{"line":27,"column":2},"end":{"line":27,"column":3}},"loc":{"start":{"line":27,"column":27},"end":{"line":37,"column":3}},"line":27},"1":{"name":"(anonymous_1)","decl":{"start":{"line":39,"column":2},"end":{"line":39,"column":3}},"loc":{"start":{"line":39,"column":17},"end":{"line":61,"column":3}},"line":39},"2":{"name":"(anonymous_2)","decl":{"start":{"line":63,"column":2},"end":{"line":63,"column":3}},"loc":{"start":{"line":63,"column":17},"end":{"line":73,"column":3}},"line":63},"3":{"name":"(anonymous_3)","decl":{"start":{"line":75,"column":2},"end":{"line":75,"column":3}},"loc":{"start":{"line":75,"column":12},"end":{"line":87,"column":3}},"line":75},"4":{"name":"(anonymous_4)","decl":{"start":{"line":89,"column":2},"end":{"line":89,"column":3}},"loc":{"start":{"line":89,"column":15},"end":{"line":98,"column":3}},"line":89},"5":{"name":"(anonymous_5)","decl":{"start":{"line":100,"column":2},"end":{"line":100,"column":3}},"loc":{"start":{"line":100,"column":16},"end":{"line":115,"column":3}},"line":100},"6":{"name":"(anonymous_6)","decl":{"start":{"line":117,"column":2},"end":{"line":117,"column":3}},"loc":{"start":{"line":117,"column":13},"end":{"line":134,"column":3}},"line":117},"7":{"name":"(anonymous_7)","decl":{"start":{"line":139,"column":2},"end":{"line":139,"column":3}},"loc":{"start":{"line":139,"column":19},"end":{"line":153,"column":3}},"line":139},"8":{"name":"(anonymous_8)","decl":{"start":{"line":158,"column":2},"end":{"line":158,"column":3}},"loc":{"start":{"line":158,"column":74},"end":{"line":198,"column":3}},"line":158},"9":{"name":"(anonymous_9)","decl":{"start":{"line":200,"column":2},"end":{"line":200,"column":3}},"loc":{"start":{"line":200,"column":69},"end":{"line":212,"column":3}},"line":200},"10":{"name":"(anonymous_10)","decl":{"start":{"line":214,"column":2},"end":{"line":214,"column":3}},"loc":{"start":{"line":214,"column":64},"end":{"line":231,"column":3}},"line":214},"11":{"name":"(anonymous_11)","decl":{"start":{"line":233,"column":2},"end":{"line":233,"column":3}},"loc":{"start":{"line":233,"column":79},"end":{"line":248,"column":3}},"line":233},"12":{"name":"(anonymous_12)","decl":{"start":{"line":250,"column":2},"end":{"line":250,"column":3}},"loc":{"start":{"line":250,"column":68},"end":{"line":262,"column":3}},"line":250},"13":{"name":"(anonymous_13)","decl":{"start":{"line":264,"column":2},"end":{"line":264,"column":3}},"loc":{"start":{"line":264,"column":65},"end":{"line":274,"column":3}},"line":264},"14":{"name":"(anonymous_14)","decl":{"start":{"line":276,"column":2},"end":{"line":276,"column":3}},"loc":{"start":{"line":276,"column":57},"end":{"line":289,"column":3}},"line":276},"15":{"name":"(anonymous_15)","decl":{"start":{"line":294,"column":2},"end":{"line":294,"column":3}},"loc":{"start":{"line":294,"column":39},"end":{"line":325,"column":3}},"line":294},"16":{"name":"(anonymous_16)","decl":{"start":{"line":307,"column":38},"end":{"line":307,"column":39}},"loc":{"start":{"line":307,"column":55},"end":{"line":314,"column":7}},"line":307},"17":{"name":"(anonymous_17)","decl":{"start":{"line":320,"column":26},"end":{"line":320,"column":27}},"loc":{"start":{"line":320,"column":37},"end":{"line":320,"column":77}},"line":320},"18":{"name":"(anonymous_18)","decl":{"start":{"line":330,"column":2},"end":{"line":330,"column":3}},"loc":{"start":{"line":330,"column":30},"end":{"line":354,"column":3}},"line":330}},"branchMap":{"0":{"loc":{"start":{"line":27,"column":14},"end":{"line":27,"column":25}},"type":"default-arg","locations":[{"start":{"line":27,"column":23},"end":{"line":27,"column":25}}],"line":27},"1":{"loc":{"start":{"line":28,"column":20},"end":{"line":28,"column":77}},"type":"binary-expr","locations":[{"start":{"line":28,"column":20},"end":{"line":28,"column":35}},{"start":{"line":28,"column":39},"end":{"line":28,"column":65}},{"start":{"line":28,"column":69},"end":{"line":28,"column":77}}],"line":28},"2":{"loc":{"start":{"line":29,"column":21},"end":{"line":29,"column":88}},"type":"binary-expr","locations":[{"start":{"line":29,"column":21},"end":{"line":29,"column":37}},{"start":{"line":29,"column":41},"end":{"line":29,"column":63}},{"start":{"line":29,"column":67},"end":{"line":29,"column":88}}],"line":29},"3":{"loc":{"start":{"line":30,"column":20},"end":{"line":30,"column":80}},"type":"binary-expr","locations":[{"start":{"line":30,"column":20},"end":{"line":30,"column":35}},{"start":{"line":30,"column":39},"end":{"line":30,"column":66}},{"start":{"line":30,"column":70},"end":{"line":30,"column":80}}],"line":30},"4":{"loc":{"start":{"line":31,"column":30},"end":{"line":31,"column":86}},"type":"binary-expr","locations":[{"start":{"line":31,"column":30},"end":{"line":31,"column":46}},{"start":{"line":31,"column":50},"end":{"line":31,"column":78}},{"start":{"line":31,"column":82},"end":{"line":31,"column":86}}],"line":31},"5":{"loc":{"start":{"line":40,"column":4},"end":{"line":60,"column":5}},"type":"switch","locations":[{"start":{"line":41,"column":6},"end":{"line":43,"column":14}},{"start":{"line":44,"column":6},"end":{"line":46,"column":14}},{"start":{"line":47,"column":6},"end":{"line":49,"column":14}},{"start":{"line":50,"column":6},"end":{"line":52,"column":14}},{"start":{"line":53,"column":6},"end":{"line":55,"column":14}},{"start":{"line":56,"column":6},"end":{"line":59,"column":34}}],"line":40},"6":{"loc":{"start":{"line":79,"column":16},"end":{"line":79,"column":56}},"type":"binary-expr","locations":[{"start":{"line":79,"column":16},"end":{"line":79,"column":38}},{"start":{"line":79,"column":42},"end":{"line":79,"column":56}}],"line":79},"7":{"loc":{"start":{"line":122,"column":23},"end":{"line":122,"column":53}},"type":"binary-expr","locations":[{"start":{"line":122,"column":23},"end":{"line":122,"column":44}},{"start":{"line":122,"column":48},"end":{"line":122,"column":53}}],"line":122},"8":{"loc":{"start":{"line":144,"column":4},"end":{"line":147,"column":5}},"type":"if","locations":[{"start":{"line":144,"column":4},"end":{"line":147,"column":5}},{"start":{},"end":{}}],"line":144},"9":{"loc":{"start":{"line":149,"column":4},"end":{"line":152,"column":5}},"type":"if","locations":[{"start":{"line":149,"column":4},"end":{"line":152,"column":5}},{"start":{},"end":{}}],"line":149},"10":{"loc":{"start":{"line":161,"column":24},"end":{"line":161,"column":72}},"type":"binary-expr","locations":[{"start":{"line":161,"column":24},"end":{"line":161,"column":28}},{"start":{"line":161,"column":32},"end":{"line":161,"column":72}}],"line":161},"11":{"loc":{"start":{"line":166,"column":6},"end":{"line":184,"column":7}},"type":"switch","locations":[{"start":{"line":167,"column":8},"end":{"line":169,"column":16}},{"start":{"line":170,"column":8},"end":{"line":172,"column":16}},{"start":{"line":173,"column":8},"end":{"line":175,"column":16}},{"start":{"line":176,"column":8},"end":{"line":178,"column":16}},{"start":{"line":179,"column":8},"end":{"line":181,"column":16}},{"start":{"line":182,"column":8},"end":{"line":183,"column":92}}],"line":166},"12":{"loc":{"start":{"line":190,"column":19},"end":{"line":190,"column":62}},"type":"binary-expr","locations":[{"start":{"line":190,"column":19},"end":{"line":190,"column":35}},{"start":{"line":190,"column":39},"end":{"line":190,"column":48}},{"start":{"line":190,"column":52},"end":{"line":190,"column":62}}],"line":190},"13":{"loc":{"start":{"line":207,"column":10},"end":{"line":207,"column":32}},"type":"binary-expr","locations":[{"start":{"line":207,"column":10},"end":{"line":207,"column":17}},{"start":{"line":207,"column":21},"end":{"line":207,"column":32}}],"line":207},"14":{"loc":{"start":{"line":225,"column":10},"end":{"line":225,"column":52}},"type":"binary-expr","locations":[{"start":{"line":225,"column":10},"end":{"line":225,"column":17}},{"start":{"line":225,"column":21},"end":{"line":225,"column":52}}],"line":225},"15":{"loc":{"start":{"line":239,"column":10},"end":{"line":239,"column":26}},"type":"binary-expr","locations":[{"start":{"line":239,"column":10},"end":{"line":239,"column":14}},{"start":{"line":239,"column":18},"end":{"line":239,"column":26}}],"line":239},"16":{"loc":{"start":{"line":240,"column":10},"end":{"line":240,"column":42}},"type":"binary-expr","locations":[{"start":{"line":240,"column":10},"end":{"line":240,"column":17}},{"start":{"line":240,"column":21},"end":{"line":240,"column":42}}],"line":240},"17":{"loc":{"start":{"line":241,"column":10},"end":{"line":243,"column":7}},"type":"binary-expr","locations":[{"start":{"line":241,"column":10},"end":{"line":241,"column":20}},{"start":{"line":241,"column":24},"end":{"line":243,"column":7}}],"line":241},"18":{"loc":{"start":{"line":256,"column":10},"end":{"line":256,"column":26}},"type":"binary-expr","locations":[{"start":{"line":256,"column":10},"end":{"line":256,"column":14}},{"start":{"line":256,"column":18},"end":{"line":256,"column":26}}],"line":256},"19":{"loc":{"start":{"line":257,"column":10},"end":{"line":257,"column":46}},"type":"binary-expr","locations":[{"start":{"line":257,"column":10},"end":{"line":257,"column":17}},{"start":{"line":257,"column":21},"end":{"line":257,"column":46}}],"line":257},"20":{"loc":{"start":{"line":271,"column":10},"end":{"line":271,"column":32}},"type":"binary-expr","locations":[{"start":{"line":271,"column":10},"end":{"line":271,"column":17}},{"start":{"line":271,"column":21},"end":{"line":271,"column":32}}],"line":271},"21":{"loc":{"start":{"line":285,"column":2},"end":{"line":285,"column":14}},"type":"binary-expr","locations":[{"start":{"line":285,"column":2},"end":{"line":285,"column":6}},{"start":{"line":285,"column":10},"end":{"line":285,"column":14}}],"line":285},"22":{"loc":{"start":{"line":294,"column":25},"end":{"line":294,"column":37}},"type":"default-arg","locations":[{"start":{"line":294,"column":35},"end":{"line":294,"column":37}}],"line":294},"23":{"loc":{"start":{"line":301,"column":22},"end":{"line":301,"column":45}},"type":"binary-expr","locations":[{"start":{"line":301,"column":22},"end":{"line":301,"column":39}},{"start":{"line":301,"column":43},"end":{"line":301,"column":45}}],"line":301},"24":{"loc":{"start":{"line":302,"column":32},"end":{"line":302,"column":67}},"type":"binary-expr","locations":[{"start":{"line":302,"column":32},"end":{"line":302,"column":59}},{"start":{"line":302,"column":63},"end":{"line":302,"column":67}}],"line":302},"25":{"loc":{"start":{"line":319,"column":6},"end":{"line":321,"column":7}},"type":"if","locations":[{"start":{"line":319,"column":6},"end":{"line":321,"column":7}},{"start":{},"end":{}}],"line":319}},"s":{"0":1,"1":1,"2":1,"3":1,"4":1,"5":1,"6":1,"7":1,"8":1,"9":0,"10":0,"11":0,"12":0,"13":1,"14":1,"15":0,"16":0,"17":0,"18":0,"19":0,"20":0,"21":0,"22":0,"23":0,"24":0,"25":0,"26":0,"27":0,"28":0,"29":0,"30":0,"31":0,"32":0,"33":0,"34":0,"35":1,"36":1,"37":1,"38":0,"39":1,"40":1,"41":0,"42":0,"43":0,"44":0,"45":0,"46":0,"47":0,"48":0,"49":0,"50":0,"51":0,"52":0,"53":0,"54":0,"55":0,"56":0,"57":0,"58":0,"59":0,"60":0,"61":0,"62":0,"63":0,"64":0,"65":0,"66":0,"67":0,"68":0,"69":0,"70":0,"71":0,"72":0,"73":0,"74":0,"75":0,"76":0,"77":0,"78":0,"79":0,"80":0,"81":0,"82":0,"83":0,"84":0,"85":0,"86":0,"87":0,"88":0,"89":0,"90":0,"91":0,"92":0,"93":0,"94":0,"95":0,"96":0,"97":0,"98":0,"99":0,"100":0,"101":0,"102":0,"103":0,"104":0,"105":0,"106":0,"107":0,"108":0,"109":0,"110":0,"111":0,"112":0,"113":0,"114":0,"115":0,"116":0,"117":0,"118":0,"119":0,"120":1},"f":{"0":1,"1":1,"2":0,"3":0,"4":1,"5":0,"6":0,"7":0,"8":0,"9":0,"10":0,"11":0,"12":0,"13":0,"14":0,"15":0,"16":0,"17":0,"18":0},"b":{"0":[1],"1":[1,1,1],"2":[1,1,1],"3":[1,1,1],"4":[1,1,1],"5":[0,0,1,0,0,0],"6":[0,0],"7":[0,0],"8":[0,0],"9":[0,0],"10":[0,0],"11":[0,0,0,0,0,0],"12":[0,0,0],"13":[0,0],"14":[0,0],"15":[0,0],"16":[0,0],"17":[0,0],"18":[0,0],"19":[0,0],"20":[0,0],"21":[0,0],"22":[0],"23":[0,0],"24":[0,0],"25":[0,0]},"_coverageSchema":"1a1c01bbd47fc00a2c39e90264f33305004495a9","hash":"5d08a8ca679a3e9150ab95622c9f73bf6c814a99"}
,"/home/explofish/.paperclip/instances/default/workspaces/ddd672a9-8bb3-4658-bd28-b42c7ea19ebc/job-platform/backend/email-system/EmailTemplates.js": {"path":"/home/explofish/.paperclip/instances/default/workspaces/ddd672a9-8bb3-4658-bd28-b42c7ea19ebc/job-platform/backend/email-system/EmailTemplates.js","statementMap":{"0":{"start":{"line":10,"column":4},"end":{"line":10,"column":42}},"1":{"start":{"line":14,"column":4},"end":{"line":88,"column":6}},"2":{"start":{"line":27,"column":26},"end":{"line":27,"column":64}},"3":{"start":{"line":42,"column":26},"end":{"line":42,"column":62}},"4":{"start":{"line":56,"column":26},"end":{"line":56,"column":59}},"5":{"start":{"line":71,"column":26},"end":{"line":71,"column":58}},"6":{"start":{"line":86,"column":26},"end":{"line":86,"column":59}},"7":{"start":{"line":95,"column":4},"end":{"line":101,"column":8}},"8":{"start":{"line":95,"column":67},"end":{"line":101,"column":5}},"9":{"start":{"line":108,"column":4},"end":{"line":108,"column":38}},"10":{"start":{"line":115,"column":21},"end":{"line":115,"column":47}},"11":{"start":{"line":116,"column":4},"end":{"line":118,"column":5}},"12":{"start":{"line":117,"column":6},"end":{"line":117,"column":60}},"13":{"start":{"line":120,"column":27},"end":{"line":120,"column":53}},"14":{"start":{"line":122,"column":4},"end":{"line":126,"column":6}},"15":{"start":{"line":133,"column":4},"end":{"line":135,"column":7}},"16":{"start":{"line":134,"column":6},"end":{"line":134,"column":67}},"17":{"start":{"line":146,"column":8},"end":{"line":146,"column":12}},"18":{"start":{"line":148,"column":17},"end":{"line":210,"column":8}},"19":{"start":{"line":212,"column":17},"end":{"line":233,"column":20}},"20":{"start":{"line":235,"column":4},"end":{"line":235,"column":26}},"21":{"start":{"line":245,"column":8},"end":{"line":245,"column":12}},"22":{"start":{"line":247,"column":17},"end":{"line":305,"column":8}},"23":{"start":{"line":307,"column":17},"end":{"line":325,"column":9}},"24":{"start":{"line":327,"column":4},"end":{"line":327,"column":26}},"25":{"start":{"line":336,"column":8},"end":{"line":336,"column":12}},"26":{"start":{"line":338,"column":17},"end":{"line":380,"column":8}},"27":{"start":{"line":382,"column":17},"end":{"line":396,"column":9}},"28":{"start":{"line":398,"column":4},"end":{"line":398,"column":26}},"29":{"start":{"line":408,"column":8},"end":{"line":408,"column":12}},"30":{"start":{"line":410,"column":17},"end":{"line":465,"column":8}},"31":{"start":{"line":467,"column":17},"end":{"line":485,"column":40}},"32":{"start":{"line":487,"column":4},"end":{"line":487,"column":26}},"33":{"start":{"line":497,"column":8},"end":{"line":497,"column":12}},"34":{"start":{"line":499,"column":17},"end":{"line":557,"column":8}},"35":{"start":{"line":559,"column":17},"end":{"line":577,"column":9}},"36":{"start":{"line":579,"column":4},"end":{"line":579,"column":26}},"37":{"start":{"line":583,"column":0},"end":{"line":583,"column":32}}},"fnMap":{"0":{"name":"(anonymous_0)","decl":{"start":{"line":9,"column":2},"end":{"line":9,"column":3}},"loc":{"start":{"line":9,"column":16},"end":{"line":11,"column":3}},"line":9},"1":{"name":"(anonymous_1)","decl":{"start":{"line":13,"column":2},"end":{"line":13,"column":3}},"loc":{"start":{"line":13,"column":18},"end":{"line":89,"column":3}},"line":13},"2":{"name":"(anonymous_2)","decl":{"start":{"line":27,"column":16},"end":{"line":27,"column":17}},"loc":{"start":{"line":27,"column":26},"end":{"line":27,"column":64}},"line":27},"3":{"name":"(anonymous_3)","decl":{"start":{"line":42,"column":16},"end":{"line":42,"column":17}},"loc":{"start":{"line":42,"column":26},"end":{"line":42,"column":62}},"line":42},"4":{"name":"(anonymous_4)","decl":{"start":{"line":56,"column":16},"end":{"line":56,"column":17}},"loc":{"start":{"line":56,"column":26},"end":{"line":56,"column":59}},"line":56},"5":{"name":"(anonymous_5)","decl":{"start":{"line":71,"column":16},"end":{"line":71,"column":17}},"loc":{"start":{"line":71,"column":26},"end":{"line":71,"column":58}},"line":71},"6":{"name":"(anonymous_6)","decl":{"start":{"line":86,"column":16},"end":{"line":86,"column":17}},"loc":{"start":{"line":86,"column":26},"end":{"line":86,"column":59}},"line":86},"7":{"name":"(anonymous_7)","decl":{"start":{"line":94,"column":2},"end":{"line":94,"column":3}},"loc":{"start":{"line":94,"column":26},"end":{"line":102,"column":3}},"line":94},"8":{"name":"(anonymous_8)","decl":{"start":{"line":95,"column":46},"end":{"line":95,"column":47}},"loc":{"start":{"line":95,"column":67},"end":{"line":101,"column":5}},"line":95},"9":{"name":"(anonymous_9)","decl":{"start":{"line":107,"column":2},"end":{"line":107,"column":3}},"loc":{"start":{"line":107,"column":26},"end":{"line":109,"column":3}},"line":107},"10":{"name":"(anonymous_10)","decl":{"start":{"line":114,"column":2},"end":{"line":114,"column":3}},"loc":{"start":{"line":114,"column":37},"end":{"line":127,"column":3}},"line":114},"11":{"name":"(anonymous_11)","decl":{"start":{"line":132,"column":2},"end":{"line":132,"column":3}},"loc":{"start":{"line":132,"column":31},"end":{"line":136,"column":3}},"line":132},"12":{"name":"(anonymous_12)","decl":{"start":{"line":133,"column":42},"end":{"line":133,"column":43}},"loc":{"start":{"line":133,"column":58},"end":{"line":135,"column":5}},"line":133},"13":{"name":"(anonymous_13)","decl":{"start":{"line":139,"column":2},"end":{"line":139,"column":3}},"loc":{"start":{"line":139,"column":36},"end":{"line":236,"column":3}},"line":139},"14":{"name":"(anonymous_14)","decl":{"start":{"line":238,"column":2},"end":{"line":238,"column":3}},"loc":{"start":{"line":238,"column":34},"end":{"line":328,"column":3}},"line":238},"15":{"name":"(anonymous_15)","decl":{"start":{"line":330,"column":2},"end":{"line":330,"column":3}},"loc":{"start":{"line":330,"column":31},"end":{"line":399,"column":3}},"line":330},"16":{"name":"(anonymous_16)","decl":{"start":{"line":401,"column":2},"end":{"line":401,"column":3}},"loc":{"start":{"line":401,"column":30},"end":{"line":488,"column":3}},"line":401},"17":{"name":"(anonymous_17)","decl":{"start":{"line":490,"column":2},"end":{"line":490,"column":3}},"loc":{"start":{"line":490,"column":31},"end":{"line":580,"column":3}},"line":490}},"branchMap":{"0":{"loc":{"start":{"line":114,"column":21},"end":{"line":114,"column":35}},"type":"default-arg","locations":[{"start":{"line":114,"column":33},"end":{"line":114,"column":35}}],"line":114},"1":{"loc":{"start":{"line":116,"column":4},"end":{"line":118,"column":5}},"type":"if","locations":[{"start":{"line":116,"column":4},"end":{"line":118,"column":5}},{"start":{},"end":{}}],"line":116},"2":{"loc":{"start":{"line":134,"column":13},"end":{"line":134,"column":66}},"type":"cond-expr","locations":[{"start":{"line":134,"column":44},"end":{"line":134,"column":58}},{"start":{"line":134,"column":61},"end":{"line":134,"column":66}}],"line":134},"3":{"loc":{"start":{"line":141,"column":6},"end":{"line":141,"column":27}},"type":"default-arg","locations":[{"start":{"line":141,"column":20},"end":{"line":141,"column":27}}],"line":141},"4":{"loc":{"start":{"line":142,"column":6},"end":{"line":142,"column":42}},"type":"default-arg","locations":[{"start":{"line":142,"column":24},"end":{"line":142,"column":42}}],"line":142},"5":{"loc":{"start":{"line":143,"column":6},"end":{"line":143,"column":40}},"type":"default-arg","locations":[{"start":{"line":143,"column":24},"end":{"line":143,"column":40}}],"line":143},"6":{"loc":{"start":{"line":144,"column":6},"end":{"line":144,"column":46}},"type":"default-arg","locations":[{"start":{"line":144,"column":20},"end":{"line":144,"column":46}}],"line":144},"7":{"loc":{"start":{"line":145,"column":6},"end":{"line":145,"column":24}},"type":"default-arg","locations":[{"start":{"line":145,"column":22},"end":{"line":145,"column":24}}],"line":145},"8":{"loc":{"start":{"line":187,"column":8},"end":{"line":187,"column":54}},"type":"cond-expr","locations":[{"start":{"line":187,"column":24},"end":{"line":187,"column":49}},{"start":{"line":187,"column":52},"end":{"line":187,"column":54}}],"line":187},"9":{"loc":{"start":{"line":224,"column":2},"end":{"line":224,"column":45}},"type":"cond-expr","locations":[{"start":{"line":224,"column":18},"end":{"line":224,"column":40}},{"start":{"line":224,"column":43},"end":{"line":224,"column":45}}],"line":224},"10":{"loc":{"start":{"line":240,"column":6},"end":{"line":240,"column":27}},"type":"default-arg","locations":[{"start":{"line":240,"column":20},"end":{"line":240,"column":27}}],"line":240},"11":{"loc":{"start":{"line":241,"column":6},"end":{"line":241,"column":42}},"type":"default-arg","locations":[{"start":{"line":241,"column":24},"end":{"line":241,"column":42}}],"line":241},"12":{"loc":{"start":{"line":242,"column":6},"end":{"line":242,"column":34}},"type":"default-arg","locations":[{"start":{"line":242,"column":20},"end":{"line":242,"column":34}}],"line":242},"13":{"loc":{"start":{"line":243,"column":6},"end":{"line":243,"column":41}},"type":"default-arg","locations":[{"start":{"line":243,"column":18},"end":{"line":243,"column":41}}],"line":243},"14":{"loc":{"start":{"line":244,"column":6},"end":{"line":244,"column":24}},"type":"default-arg","locations":[{"start":{"line":244,"column":22},"end":{"line":244,"column":24}}],"line":244},"15":{"loc":{"start":{"line":287,"column":8},"end":{"line":287,"column":54}},"type":"cond-expr","locations":[{"start":{"line":287,"column":24},"end":{"line":287,"column":49}},{"start":{"line":287,"column":52},"end":{"line":287,"column":54}}],"line":287},"16":{"loc":{"start":{"line":320,"column":2},"end":{"line":320,"column":45}},"type":"cond-expr","locations":[{"start":{"line":320,"column":18},"end":{"line":320,"column":40}},{"start":{"line":320,"column":43},"end":{"line":320,"column":45}}],"line":320},"17":{"loc":{"start":{"line":332,"column":6},"end":{"line":332,"column":27}},"type":"default-arg","locations":[{"start":{"line":332,"column":20},"end":{"line":332,"column":27}}],"line":332},"18":{"loc":{"start":{"line":333,"column":6},"end":{"line":333,"column":42}},"type":"default-arg","locations":[{"start":{"line":333,"column":24},"end":{"line":333,"column":42}}],"line":333},"19":{"loc":{"start":{"line":334,"column":6},"end":{"line":334,"column":38}},"type":"default-arg","locations":[{"start":{"line":334,"column":28},"end":{"line":334,"column":38}}],"line":334},"20":{"loc":{"start":{"line":335,"column":6},"end":{"line":335,"column":24}},"type":"default-arg","locations":[{"start":{"line":335,"column":22},"end":{"line":335,"column":24}}],"line":335},"21":{"loc":{"start":{"line":367,"column":8},"end":{"line":367,"column":54}},"type":"cond-expr","locations":[{"start":{"line":367,"column":24},"end":{"line":367,"column":49}},{"start":{"line":367,"column":52},"end":{"line":367,"column":54}}],"line":367},"22":{"loc":{"start":{"line":392,"column":2},"end":{"line":392,"column":45}},"type":"cond-expr","locations":[{"start":{"line":392,"column":18},"end":{"line":392,"column":40}},{"start":{"line":392,"column":43},"end":{"line":392,"column":45}}],"line":392},"23":{"loc":{"start":{"line":403,"column":6},"end":{"line":403,"column":29}},"type":"default-arg","locations":[{"start":{"line":403,"column":20},"end":{"line":403,"column":29}}],"line":403},"24":{"loc":{"start":{"line":404,"column":6},"end":{"line":404,"column":42}},"type":"default-arg","locations":[{"start":{"line":404,"column":24},"end":{"line":404,"column":42}}],"line":404},"25":{"loc":{"start":{"line":405,"column":6},"end":{"line":405,"column":36}},"type":"default-arg","locations":[{"start":{"line":405,"column":20},"end":{"line":405,"column":36}}],"line":405},"26":{"loc":{"start":{"line":406,"column":6},"end":{"line":406,"column":47}},"type":"default-arg","locations":[{"start":{"line":406,"column":17},"end":{"line":406,"column":47}}],"line":406},"27":{"loc":{"start":{"line":407,"column":6},"end":{"line":407,"column":24}},"type":"default-arg","locations":[{"start":{"line":407,"column":22},"end":{"line":407,"column":24}}],"line":407},"28":{"loc":{"start":{"line":446,"column":8},"end":{"line":446,"column":54}},"type":"cond-expr","locations":[{"start":{"line":446,"column":24},"end":{"line":446,"column":49}},{"start":{"line":446,"column":52},"end":{"line":446,"column":54}}],"line":446},"29":{"loc":{"start":{"line":476,"column":2},"end":{"line":476,"column":45}},"type":"cond-expr","locations":[{"start":{"line":476,"column":18},"end":{"line":476,"column":40}},{"start":{"line":476,"column":43},"end":{"line":476,"column":45}}],"line":476},"30":{"loc":{"start":{"line":492,"column":6},"end":{"line":492,"column":36}},"type":"default-arg","locations":[{"start":{"line":492,"column":20},"end":{"line":492,"column":36}}],"line":492},"31":{"loc":{"start":{"line":493,"column":6},"end":{"line":493,"column":39}},"type":"default-arg","locations":[{"start":{"line":493,"column":20},"end":{"line":493,"column":39}}],"line":493},"32":{"loc":{"start":{"line":494,"column":6},"end":{"line":494,"column":39}},"type":"default-arg","locations":[{"start":{"line":494,"column":26},"end":{"line":494,"column":39}}],"line":494},"33":{"loc":{"start":{"line":495,"column":6},"end":{"line":495,"column":41}},"type":"default-arg","locations":[{"start":{"line":495,"column":22},"end":{"line":495,"column":41}}],"line":495},"34":{"loc":{"start":{"line":496,"column":6},"end":{"line":496,"column":24}},"type":"default-arg","locations":[{"start":{"line":496,"column":22},"end":{"line":496,"column":24}}],"line":496},"35":{"loc":{"start":{"line":539,"column":8},"end":{"line":539,"column":54}},"type":"cond-expr","locations":[{"start":{"line":539,"column":24},"end":{"line":539,"column":49}},{"start":{"line":539,"column":52},"end":{"line":539,"column":54}}],"line":539},"36":{"loc":{"start":{"line":572,"column":2},"end":{"line":572,"column":45}},"type":"cond-expr","locations":[{"start":{"line":572,"column":18},"end":{"line":572,"column":40}},{"start":{"line":572,"column":43},"end":{"line":572,"column":45}}],"line":572}},"s":{"0":1,"1":1,"2":0,"3":0,"4":0,"5":0,"6":0,"7":0,"8":0,"9":0,"10":0,"11":0,"12":0,"13":0,"14":0,"15":0,"16":0,"17":0,"18":0,"19":0,"20":0,"21":0,"22":0,"23":0,"24":0,"25":0,"26":0,"27":0,"28":0,"29":0,"30":0,"31":0,"32":0,"33":0,"34":0,"35":0,"36":0,"37":1},"f":{"0":1,"1":1,"2":0,"3":0,"4":0,"5":0,"6":0,"7":0,"8":0,"9":0,"10":0,"11":0,"12":0,"13":0,"14":0,"15":0,"16":0,"17":0},"b":{"0":[0],"1":[0,0],"2":[0,0],"3":[0],"4":[0],"5":[0],"6":[0],"7":[0],"8":[0,0],"9":[0,0],"10":[0],"11":[0],"12":[0],"13":[0],"14":[0],"15":[0,0],"16":[0,0],"17":[0],"18":[0],"19":[0],"20":[0],"21":[0,0],"22":[0,0],"23":[0],"24":[0],"25":[0],"26":[0],"27":[0],"28":[0,0],"29":[0,0],"30":[0],"31":[0],"32":[0],"33":[0],"34":[0],"35":[0,0],"36":[0,0]},"_coverageSchema":"1a1c01bbd47fc00a2c39e90264f33305004495a9","hash":"8fd7608ba399fa830bf4dcb88ccfb30a97a3ab2d"}
,"/home/explofish/.paperclip/instances/default/workspaces/ddd672a9-8bb3-4658-bd28-b42c7ea19ebc/job-platform/backend/email-system/routes.js": {"path":"/home/explofish/.paperclip/instances/default/workspaces/ddd672a9-8bb3-4658-bd28-b42c7ea19ebc/job-platform/backend/email-system/routes.js","statementMap":{"0":{"start":{"line":11,"column":16},"end":{"line":11,"column":34}},"1":{"start":{"line":12,"column":35},"end":{"line":12,"column":63}},"2":{"start":{"line":13,"column":23},"end":{"line":13,"column":38}},"3":{"start":{"line":14,"column":21},"end":{"line":14,"column":46}},"4":{"start":{"line":15,"column":23},"end":{"line":15,"column":50}},"5":{"start":{"line":17,"column":15},"end":{"line":17,"column":31}},"6":{"start":{"line":20,"column":21},"end":{"line":20,"column":39}},"7":{"start":{"line":21,"column":23},"end":{"line":21,"column":43}},"8":{"start":{"line":28,"column":0},"end":{"line":39,"column":3}},"9":{"start":{"line":29,"column":2},"end":{"line":38,"column":3}},"10":{"start":{"line":30,"column":22},"end":{"line":30,"column":60}},"11":{"start":{"line":31,"column":4},"end":{"line":34,"column":7}},"12":{"start":{"line":36,"column":4},"end":{"line":36,"column":49}},"13":{"start":{"line":37,"column":4},"end":{"line":37,"column":79}},"14":{"start":{"line":57,"column":0},"end":{"line":115,"column":3}},"15":{"start":{"line":63,"column":2},"end":{"line":114,"column":3}},"16":{"start":{"line":64,"column":19},"end":{"line":64,"column":40}},"17":{"start":{"line":65,"column":4},"end":{"line":71,"column":5}},"18":{"start":{"line":66,"column":6},"end":{"line":70,"column":9}},"19":{"start":{"line":73,"column":56},"end":{"line":73,"column":64}},"20":{"start":{"line":76,"column":23},"end":{"line":76,"column":31}},"21":{"start":{"line":79,"column":36},"end":{"line":79,"column":80}},"22":{"start":{"line":82,"column":19},"end":{"line":89,"column":6}},"23":{"start":{"line":92,"column":15},"end":{"line":92,"column":32}},"24":{"start":{"line":93,"column":4},"end":{"line":99,"column":6}},"25":{"start":{"line":101,"column":4},"end":{"line":106,"column":7}},"26":{"start":{"line":109,"column":4},"end":{"line":109,"column":46}},"27":{"start":{"line":110,"column":4},"end":{"line":113,"column":7}},"28":{"start":{"line":133,"column":0},"end":{"line":220,"column":3}},"29":{"start":{"line":140,"column":2},"end":{"line":219,"column":3}},"30":{"start":{"line":141,"column":19},"end":{"line":141,"column":40}},"31":{"start":{"line":142,"column":4},"end":{"line":148,"column":5}},"32":{"start":{"line":143,"column":6},"end":{"line":147,"column":9}},"33":{"start":{"line":155,"column":8},"end":{"line":155,"column":16}},"34":{"start":{"line":158,"column":19},"end":{"line":170,"column":6}},"35":{"start":{"line":159,"column":25},"end":{"line":159,"column":33}},"36":{"start":{"line":160,"column":38},"end":{"line":160,"column":98}},"37":{"start":{"line":162,"column":6},"end":{"line":169,"column":8}},"38":{"start":{"line":173,"column":20},"end":{"line":176,"column":6}},"39":{"start":{"line":179,"column":15},"end":{"line":179,"column":32}},"40":{"start":{"line":180,"column":24},"end":{"line":203,"column":5}},"41":{"start":{"line":183,"column":27},"end":{"line":183,"column":79}},"42":{"start":{"line":183,"column":44},"end":{"line":183,"column":66}},"43":{"start":{"line":184,"column":8},"end":{"line":190,"column":10}},"44":{"start":{"line":194,"column":27},"end":{"line":194,"column":79}},"45":{"start":{"line":194,"column":44},"end":{"line":194,"column":66}},"46":{"start":{"line":195,"column":8},"end":{"line":201,"column":10}},"47":{"start":{"line":205,"column":4},"end":{"line":205,"column":35}},"48":{"start":{"line":207,"column":4},"end":{"line":211,"column":7}},"49":{"start":{"line":214,"column":4},"end":{"line":214,"column":45}},"50":{"start":{"line":215,"column":4},"end":{"line":218,"column":7}},"51":{"start":{"line":232,"column":0},"end":{"line":318,"column":3}},"52":{"start":{"line":233,"column":2},"end":{"line":317,"column":3}},"53":{"start":{"line":234,"column":47},"end":{"line":234,"column":56}},"54":{"start":{"line":235,"column":15},"end":{"line":235,"column":32}},"55":{"start":{"line":238,"column":23},"end":{"line":238,"column":25}},"56":{"start":{"line":239,"column":19},"end":{"line":239,"column":21}},"57":{"start":{"line":240,"column":21},"end":{"line":240,"column":22}},"58":{"start":{"line":242,"column":4},"end":{"line":245,"column":5}},"59":{"start":{"line":243,"column":6},"end":{"line":243,"column":53}},"60":{"start":{"line":244,"column":6},"end":{"line":244,"column":29}},"61":{"start":{"line":246,"column":4},"end":{"line":249,"column":5}},"62":{"start":{"line":247,"column":6},"end":{"line":247,"column":53}},"63":{"start":{"line":248,"column":6},"end":{"line":248,"column":27}},"64":{"start":{"line":250,"column":4},"end":{"line":253,"column":5}},"65":{"start":{"line":251,"column":6},"end":{"line":251,"column":56}},"66":{"start":{"line":252,"column":6},"end":{"line":252,"column":30}},"67":{"start":{"line":255,"column":24},"end":{"line":257,"column":10}},"68":{"start":{"line":260,"column":26},"end":{"line":271,"column":5}},"69":{"start":{"line":274,"column":32},"end":{"line":285,"column":5}},"70":{"start":{"line":288,"column":25},"end":{"line":302,"column":5}},"71":{"start":{"line":304,"column":4},"end":{"line":309,"column":7}},"72":{"start":{"line":312,"column":4},"end":{"line":312,"column":49}},"73":{"start":{"line":313,"column":4},"end":{"line":316,"column":7}},"74":{"start":{"line":325,"column":0},"end":{"line":336,"column":3}},"75":{"start":{"line":326,"column":2},"end":{"line":335,"column":3}},"76":{"start":{"line":327,"column":19},"end":{"line":327,"column":59}},"77":{"start":{"line":328,"column":4},"end":{"line":328,"column":21}},"78":{"start":{"line":330,"column":4},"end":{"line":330,"column":49}},"79":{"start":{"line":331,"column":4},"end":{"line":334,"column":7}},"80":{"start":{"line":343,"column":0},"end":{"line":401,"column":3}},"81":{"start":{"line":344,"column":2},"end":{"line":400,"column":3}},"82":{"start":{"line":345,"column":18},"end":{"line":345,"column":26}},"83":{"start":{"line":346,"column":15},"end":{"line":346,"column":32}},"84":{"start":{"line":350,"column":4},"end":{"line":394,"column":5}},"85":{"start":{"line":351,"column":24},"end":{"line":351,"column":49}},"86":{"start":{"line":352,"column":25},"end":{"line":352,"column":76}},"87":{"start":{"line":353,"column":24},"end":{"line":353,"column":75}},"88":{"start":{"line":355,"column":6},"end":{"line":393,"column":7}},"89":{"start":{"line":356,"column":8},"end":{"line":392,"column":9}},"90":{"start":{"line":359,"column":12},"end":{"line":362,"column":14}},"91":{"start":{"line":363,"column":12},"end":{"line":363,"column":18}},"92":{"start":{"line":366,"column":12},"end":{"line":369,"column":14}},"93":{"start":{"line":370,"column":12},"end":{"line":370,"column":18}},"94":{"start":{"line":373,"column":12},"end":{"line":376,"column":14}},"95":{"start":{"line":377,"column":12},"end":{"line":377,"column":18}},"96":{"start":{"line":380,"column":12},"end":{"line":383,"column":14}},"97":{"start":{"line":384,"column":12},"end":{"line":384,"column":18}},"98":{"start":{"line":387,"column":12},"end":{"line":390,"column":14}},"99":{"start":{"line":391,"column":12},"end":{"line":391,"column":18}},"100":{"start":{"line":396,"column":4},"end":{"line":396,"column":31}},"101":{"start":{"line":398,"column":4},"end":{"line":398,"column":43}},"102":{"start":{"line":399,"column":4},"end":{"line":399,"column":34}},"103":{"start":{"line":403,"column":0},"end":{"line":403,"column":24}}},"fnMap":{"0":{"name":"(anonymous_0)","decl":{"start":{"line":28,"column":25},"end":{"line":28,"column":26}},"loc":{"start":{"line":28,"column":39},"end":{"line":39,"column":1}},"line":28},"1":{"name":"(anonymous_1)","decl":{"start":{"line":62,"column":3},"end":{"line":62,"column":4}},"loc":{"start":{"line":62,"column":23},"end":{"line":115,"column":1}},"line":62},"2":{"name":"(anonymous_2)","decl":{"start":{"line":139,"column":3},"end":{"line":139,"column":4}},"loc":{"start":{"line":139,"column":23},"end":{"line":220,"column":1}},"line":139},"3":{"name":"(anonymous_3)","decl":{"start":{"line":158,"column":34},"end":{"line":158,"column":35}},"loc":{"start":{"line":158,"column":47},"end":{"line":170,"column":5}},"line":158},"4":{"name":"(anonymous_4)","decl":{"start":{"line":182,"column":32},"end":{"line":182,"column":33}},"loc":{"start":{"line":182,"column":51},"end":{"line":191,"column":7}},"line":182},"5":{"name":"(anonymous_5)","decl":{"start":{"line":183,"column":39},"end":{"line":183,"column":40}},"loc":{"start":{"line":183,"column":44},"end":{"line":183,"column":66}},"line":183},"6":{"name":"(anonymous_6)","decl":{"start":{"line":193,"column":28},"end":{"line":193,"column":29}},"loc":{"start":{"line":193,"column":47},"end":{"line":202,"column":7}},"line":193},"7":{"name":"(anonymous_7)","decl":{"start":{"line":194,"column":39},"end":{"line":194,"column":40}},"loc":{"start":{"line":194,"column":44},"end":{"line":194,"column":66}},"line":194},"8":{"name":"(anonymous_8)","decl":{"start":{"line":232,"column":25},"end":{"line":232,"column":26}},"loc":{"start":{"line":232,"column":45},"end":{"line":318,"column":1}},"line":232},"9":{"name":"(anonymous_9)","decl":{"start":{"line":325,"column":29},"end":{"line":325,"column":30}},"loc":{"start":{"line":325,"column":49},"end":{"line":336,"column":1}},"line":325},"10":{"name":"(anonymous_10)","decl":{"start":{"line":343,"column":24},"end":{"line":343,"column":25}},"loc":{"start":{"line":343,"column":44},"end":{"line":401,"column":1}},"line":343}},"branchMap":{"0":{"loc":{"start":{"line":65,"column":4},"end":{"line":71,"column":5}},"type":"if","locations":[{"start":{"line":65,"column":4},"end":{"line":71,"column":5}},{"start":{},"end":{}}],"line":65},"1":{"loc":{"start":{"line":73,"column":28},"end":{"line":73,"column":42}},"type":"default-arg","locations":[{"start":{"line":73,"column":40},"end":{"line":73,"column":42}}],"line":73},"2":{"loc":{"start":{"line":112,"column":13},"end":{"line":112,"column":52}},"type":"binary-expr","locations":[{"start":{"line":112,"column":13},"end":{"line":112,"column":26}},{"start":{"line":112,"column":30},"end":{"line":112,"column":52}}],"line":112},"3":{"loc":{"start":{"line":142,"column":4},"end":{"line":148,"column":5}},"type":"if","locations":[{"start":{"line":142,"column":4},"end":{"line":148,"column":5}},{"start":{},"end":{}}],"line":142},"4":{"loc":{"start":{"line":153,"column":6},"end":{"line":153,"column":20}},"type":"default-arg","locations":[{"start":{"line":153,"column":18},"end":{"line":153,"column":20}}],"line":153},"5":{"loc":{"start":{"line":154,"column":6},"end":{"line":154,"column":32}},"type":"default-arg","locations":[{"start":{"line":154,"column":28},"end":{"line":154,"column":32}}],"line":154},"6":{"loc":{"start":{"line":160,"column":72},"end":{"line":160,"column":97}},"type":"binary-expr","locations":[{"start":{"line":160,"column":72},"end":{"line":160,"column":91}},{"start":{"line":160,"column":95},"end":{"line":160,"column":97}}],"line":160},"7":{"loc":{"start":{"line":217,"column":13},"end":{"line":217,"column":58}},"type":"binary-expr","locations":[{"start":{"line":217,"column":13},"end":{"line":217,"column":26}},{"start":{"line":217,"column":30},"end":{"line":217,"column":58}}],"line":217},"8":{"loc":{"start":{"line":242,"column":4},"end":{"line":245,"column":5}},"type":"if","locations":[{"start":{"line":242,"column":4},"end":{"line":245,"column":5}},{"start":{},"end":{}}],"line":242},"9":{"loc":{"start":{"line":246,"column":4},"end":{"line":249,"column":5}},"type":"if","locations":[{"start":{"line":246,"column":4},"end":{"line":249,"column":5}},{"start":{},"end":{}}],"line":246},"10":{"loc":{"start":{"line":250,"column":4},"end":{"line":253,"column":5}},"type":"if","locations":[{"start":{"line":250,"column":4},"end":{"line":253,"column":5}},{"start":{},"end":{}}],"line":250},"11":{"loc":{"start":{"line":255,"column":24},"end":{"line":257,"column":10}},"type":"cond-expr","locations":[{"start":{"line":256,"column":8},"end":{"line":256,"column":43}},{"start":{"line":257,"column":8},"end":{"line":257,"column":10}}],"line":255},"12":{"loc":{"start":{"line":350,"column":4},"end":{"line":394,"column":5}},"type":"if","locations":[{"start":{"line":350,"column":4},"end":{"line":394,"column":5}},{"start":{},"end":{}}],"line":350},"13":{"loc":{"start":{"line":350,"column":8},"end":{"line":350,"column":33}},"type":"binary-expr","locations":[{"start":{"line":350,"column":8},"end":{"line":350,"column":19}},{"start":{"line":350,"column":23},"end":{"line":350,"column":33}}],"line":350},"14":{"loc":{"start":{"line":351,"column":24},"end":{"line":351,"column":49}},"type":"binary-expr","locations":[{"start":{"line":351,"column":24},"end":{"line":351,"column":35}},{"start":{"line":351,"column":39},"end":{"line":351,"column":49}}],"line":351},"15":{"loc":{"start":{"line":352,"column":25},"end":{"line":352,"column":76}},"type":"binary-expr","locations":[{"start":{"line":352,"column":25},"end":{"line":352,"column":42}},{"start":{"line":352,"column":46},"end":{"line":352,"column":76}}],"line":352},"16":{"loc":{"start":{"line":353,"column":24},"end":{"line":353,"column":75}},"type":"binary-expr","locations":[{"start":{"line":353,"column":24},"end":{"line":353,"column":40}},{"start":{"line":353,"column":44},"end":{"line":353,"column":52}},{"start":{"line":353,"column":56},"end":{"line":353,"column":75}}],"line":353},"17":{"loc":{"start":{"line":355,"column":6},"end":{"line":393,"column":7}},"type":"if","locations":[{"start":{"line":355,"column":6},"end":{"line":393,"column":7}},{"start":{},"end":{}}],"line":355},"18":{"loc":{"start":{"line":356,"column":8},"end":{"line":392,"column":9}},"type":"switch","locations":[{"start":{"line":357,"column":10},"end":{"line":357,"column":27}},{"start":{"line":358,"column":10},"end":{"line":363,"column":18}},{"start":{"line":364,"column":10},"end":{"line":364,"column":22}},{"start":{"line":365,"column":10},"end":{"line":370,"column":18}},{"start":{"line":371,"column":10},"end":{"line":371,"column":23}},{"start":{"line":372,"column":10},"end":{"line":377,"column":18}},{"start":{"line":378,"column":10},"end":{"line":378,"column":24}},{"start":{"line":379,"column":10},"end":{"line":384,"column":18}},{"start":{"line":385,"column":10},"end":{"line":385,"column":27}},{"start":{"line":386,"column":10},"end":{"line":391,"column":18}}],"line":356},"19":{"loc":{"start":{"line":382,"column":15},"end":{"line":382,"column":40}},"type":"binary-expr","locations":[{"start":{"line":382,"column":15},"end":{"line":382,"column":27}},{"start":{"line":382,"column":31},"end":{"line":382,"column":40}}],"line":382}},"s":{"0":1,"1":1,"2":1,"3":1,"4":1,"5":1,"6":1,"7":1,"8":1,"9":0,"10":0,"11":0,"12":0,"13":0,"14":1,"15":0,"16":0,"17":0,"18":0,"19":0,"20":0,"21":0,"22":0,"23":0,"24":0,"25":0,"26":0,"27":0,"28":1,"29":0,"30":0,"31":0,"32":0,"33":0,"34":0,"35":0,"36":0,"37":0,"38":0,"39":0,"40":0,"41":0,"42":0,"43":0,"44":0,"45":0,"46":0,"47":0,"48":0,"49":0,"50":0,"51":1,"52":0,"53":0,"54":0,"55":0,"56":0,"57":0,"58":0,"59":0,"60":0,"61":0,"62":0,"63":0,"64":0,"65":0,"66":0,"67":0,"68":0,"69":0,"70":0,"71":0,"72":0,"73":0,"74":1,"75":0,"76":0,"77":0,"78":0,"79":0,"80":1,"81":0,"82":0,"83":0,"84":0,"85":0,"86":0,"87":0,"88":0,"89":0,"90":0,"91":0,"92":0,"93":0,"94":0,"95":0,"96":0,"97":0,"98":0,"99":0,"100":0,"101":0,"102":0,"103":1},"f":{"0":0,"1":0,"2":0,"3":0,"4":0,"5":0,"6":0,"7":0,"8":0,"9":0,"10":0},"b":{"0":[0,0],"1":[0],"2":[0,0],"3":[0,0],"4":[0],"5":[0],"6":[0,0],"7":[0,0],"8":[0,0],"9":[0,0],"10":[0,0],"11":[0,0],"12":[0,0],"13":[0,0],"14":[0,0],"15":[0,0],"16":[0,0,0],"17":[0,0],"18":[0,0,0,0,0,0,0,0,0,0],"19":[0,0]},"_coverageSchema":"1a1c01bbd47fc00a2c39e90264f33305004495a9","hash":"6cef2a280119fdf91d0d947b6ee5f2e2f7e1f63e"}
,"/home/explofish/.paperclip/instances/default/workspaces/ddd672a9-8bb3-4658-bd28-b42c7ea19ebc/job-platform/backend/routes/applications.js": {"path":"/home/explofish/.paperclip/instances/default/workspaces/ddd672a9-8bb3-4658-bd28-b42c7ea19ebc/job-platform/backend/routes/applications.js","statementMap":{"0":{"start":{"line":1,"column":16},"end":{"line":1,"column":34}},"1":{"start":{"line":2,"column":35},"end":{"line":2,"column":63}},"2":{"start":{"line":3,"column":23},"end":{"line":3,"column":38}},"3":{"start":{"line":4,"column":30},"end":{"line":4,"column":47}},"4":{"start":{"line":6,"column":15},"end":{"line":6,"column":31}},"5":{"start":{"line":9,"column":0},"end":{"line":42,"column":3}},"6":{"start":{"line":10,"column":2},"end":{"line":41,"column":3}},"7":{"start":{"line":11,"column":15},"end":{"line":11,"column":32}},"8":{"start":{"line":12,"column":23},"end":{"line":12,"column":31}},"9":{"start":{"line":15,"column":26},"end":{"line":18,"column":5}},"10":{"start":{"line":20,"column":4},"end":{"line":22,"column":5}},"11":{"start":{"line":21,"column":6},"end":{"line":21,"column":75}},"12":{"start":{"line":24,"column":23},"end":{"line":24,"column":47}},"13":{"start":{"line":26,"column":19},"end":{"line":35,"column":5}},"14":{"start":{"line":37,"column":4},"end":{"line":37,"column":26}},"15":{"start":{"line":39,"column":4},"end":{"line":39,"column":55}},"16":{"start":{"line":40,"column":4},"end":{"line":40,"column":66}},"17":{"start":{"line":45,"column":0},"end":{"line":97,"column":3}},"18":{"start":{"line":46,"column":2},"end":{"line":96,"column":3}},"19":{"start":{"line":47,"column":15},"end":{"line":47,"column":32}},"20":{"start":{"line":48,"column":23},"end":{"line":48,"column":31}},"21":{"start":{"line":49,"column":30},"end":{"line":49,"column":39}},"22":{"start":{"line":52,"column":26},"end":{"line":55,"column":5}},"23":{"start":{"line":57,"column":4},"end":{"line":59,"column":5}},"24":{"start":{"line":58,"column":6},"end":{"line":58,"column":75}},"25":{"start":{"line":61,"column":23},"end":{"line":61,"column":47}},"26":{"start":{"line":63,"column":16},"end":{"line":72,"column":5}},"27":{"start":{"line":74,"column":19},"end":{"line":74,"column":31}},"28":{"start":{"line":75,"column":21},"end":{"line":75,"column":22}},"29":{"start":{"line":77,"column":4},"end":{"line":81,"column":5}},"30":{"start":{"line":78,"column":6},"end":{"line":78,"column":19}},"31":{"start":{"line":79,"column":6},"end":{"line":79,"column":48}},"32":{"start":{"line":80,"column":6},"end":{"line":80,"column":26}},"33":{"start":{"line":83,"column":4},"end":{"line":87,"column":5}},"34":{"start":{"line":84,"column":6},"end":{"line":84,"column":19}},"35":{"start":{"line":85,"column":6},"end":{"line":85,"column":48}},"36":{"start":{"line":86,"column":6},"end":{"line":86,"column":25}},"37":{"start":{"line":89,"column":4},"end":{"line":89,"column":45}},"38":{"start":{"line":91,"column":19},"end":{"line":91,"column":48}},"39":{"start":{"line":92,"column":4},"end":{"line":92,"column":26}},"40":{"start":{"line":94,"column":4},"end":{"line":94,"column":61}},"41":{"start":{"line":95,"column":4},"end":{"line":95,"column":66}},"42":{"start":{"line":100,"column":0},"end":{"line":195,"column":3}},"43":{"start":{"line":104,"column":2},"end":{"line":194,"column":3}},"44":{"start":{"line":105,"column":19},"end":{"line":105,"column":40}},"45":{"start":{"line":106,"column":4},"end":{"line":108,"column":5}},"46":{"start":{"line":107,"column":6},"end":{"line":107,"column":62}},"47":{"start":{"line":110,"column":15},"end":{"line":110,"column":32}},"48":{"start":{"line":111,"column":23},"end":{"line":111,"column":31}},"49":{"start":{"line":112,"column":35},"end":{"line":112,"column":43}},"50":{"start":{"line":115,"column":22},"end":{"line":118,"column":5}},"51":{"start":{"line":120,"column":4},"end":{"line":122,"column":5}},"52":{"start":{"line":121,"column":6},"end":{"line":121,"column":82}},"53":{"start":{"line":125,"column":26},"end":{"line":128,"column":5}},"54":{"start":{"line":130,"column":4},"end":{"line":132,"column":5}},"55":{"start":{"line":131,"column":6},"end":{"line":131,"column":75}},"56":{"start":{"line":134,"column":23},"end":{"line":134,"column":47}},"57":{"start":{"line":137,"column":21},"end":{"line":140,"column":5}},"58":{"start":{"line":142,"column":4},"end":{"line":144,"column":5}},"59":{"start":{"line":143,"column":6},"end":{"line":143,"column":62}},"60":{"start":{"line":146,"column":4},"end":{"line":148,"column":5}},"61":{"start":{"line":147,"column":6},"end":{"line":147,"column":93}},"62":{"start":{"line":151,"column":32},"end":{"line":154,"column":5}},"63":{"start":{"line":156,"column":4},"end":{"line":158,"column":5}},"64":{"start":{"line":157,"column":6},"end":{"line":157,"column":86}},"65":{"start":{"line":161,"column":19},"end":{"line":166,"column":5}},"66":{"start":{"line":169,"column":27},"end":{"line":174,"column":5}},"67":{"start":{"line":176,"column":4},"end":{"line":185,"column":5}},"68":{"start":{"line":177,"column":6},"end":{"line":184,"column":8}},"69":{"start":{"line":187,"column":4},"end":{"line":190,"column":7}},"70":{"start":{"line":192,"column":4},"end":{"line":192,"column":54}},"71":{"start":{"line":193,"column":4},"end":{"line":193,"column":68}},"72":{"start":{"line":198,"column":0},"end":{"line":258,"column":3}},"73":{"start":{"line":202,"column":2},"end":{"line":257,"column":3}},"74":{"start":{"line":203,"column":19},"end":{"line":203,"column":40}},"75":{"start":{"line":204,"column":4},"end":{"line":206,"column":5}},"76":{"start":{"line":205,"column":6},"end":{"line":205,"column":62}},"77":{"start":{"line":208,"column":15},"end":{"line":208,"column":32}},"78":{"start":{"line":209,"column":23},"end":{"line":209,"column":31}},"79":{"start":{"line":210,"column":19},"end":{"line":210,"column":29}},"80":{"start":{"line":211,"column":38},"end":{"line":211,"column":46}},"81":{"start":{"line":214,"column":27},"end":{"line":222,"column":5}},"82":{"start":{"line":224,"column":4},"end":{"line":226,"column":5}},"83":{"start":{"line":225,"column":6},"end":{"line":225,"column":90}},"84":{"start":{"line":228,"column":19},"end":{"line":234,"column":5}},"85":{"start":{"line":237,"column":29},"end":{"line":239,"column":89}},"86":{"start":{"line":241,"column":4},"end":{"line":248,"column":6}},"87":{"start":{"line":250,"column":4},"end":{"line":253,"column":7}},"88":{"start":{"line":255,"column":4},"end":{"line":255,"column":54}},"89":{"start":{"line":256,"column":4},"end":{"line":256,"column":68}},"90":{"start":{"line":261,"column":0},"end":{"line":299,"column":3}},"91":{"start":{"line":262,"column":2},"end":{"line":298,"column":3}},"92":{"start":{"line":263,"column":15},"end":{"line":263,"column":32}},"93":{"start":{"line":264,"column":23},"end":{"line":264,"column":31}},"94":{"start":{"line":265,"column":19},"end":{"line":265,"column":29}},"95":{"start":{"line":268,"column":26},"end":{"line":271,"column":5}},"96":{"start":{"line":273,"column":4},"end":{"line":275,"column":5}},"97":{"start":{"line":274,"column":6},"end":{"line":274,"column":75}},"98":{"start":{"line":277,"column":23},"end":{"line":277,"column":47}},"99":{"start":{"line":280,"column":27},"end":{"line":283,"column":5}},"100":{"start":{"line":285,"column":4},"end":{"line":287,"column":5}},"101":{"start":{"line":286,"column":6},"end":{"line":286,"column":92}},"102":{"start":{"line":289,"column":4},"end":{"line":292,"column":6}},"103":{"start":{"line":294,"column":4},"end":{"line":294,"column":64}},"104":{"start":{"line":296,"column":4},"end":{"line":296,"column":56}},"105":{"start":{"line":297,"column":4},"end":{"line":297,"column":70}},"106":{"start":{"line":301,"column":0},"end":{"line":301,"column":24}}},"fnMap":{"0":{"name":"(anonymous_0)","decl":{"start":{"line":9,"column":50},"end":{"line":9,"column":51}},"loc":{"start":{"line":9,"column":70},"end":{"line":42,"column":1}},"line":9},"1":{"name":"(anonymous_1)","decl":{"start":{"line":45,"column":43},"end":{"line":45,"column":44}},"loc":{"start":{"line":45,"column":63},"end":{"line":97,"column":1}},"line":45},"2":{"name":"(anonymous_2)","decl":{"start":{"line":103,"column":3},"end":{"line":103,"column":4}},"loc":{"start":{"line":103,"column":23},"end":{"line":195,"column":1}},"line":103},"3":{"name":"(anonymous_3)","decl":{"start":{"line":201,"column":3},"end":{"line":201,"column":4}},"loc":{"start":{"line":201,"column":23},"end":{"line":258,"column":1}},"line":201},"4":{"name":"(anonymous_4)","decl":{"start":{"line":261,"column":41},"end":{"line":261,"column":42}},"loc":{"start":{"line":261,"column":61},"end":{"line":299,"column":1}},"line":261}},"branchMap":{"0":{"loc":{"start":{"line":20,"column":4},"end":{"line":22,"column":5}},"type":"if","locations":[{"start":{"line":20,"column":4},"end":{"line":22,"column":5}},{"start":{},"end":{}}],"line":20},"1":{"loc":{"start":{"line":57,"column":4},"end":{"line":59,"column":5}},"type":"if","locations":[{"start":{"line":57,"column":4},"end":{"line":59,"column":5}},{"start":{},"end":{}}],"line":57},"2":{"loc":{"start":{"line":77,"column":4},"end":{"line":81,"column":5}},"type":"if","locations":[{"start":{"line":77,"column":4},"end":{"line":81,"column":5}},{"start":{},"end":{}}],"line":77},"3":{"loc":{"start":{"line":83,"column":4},"end":{"line":87,"column":5}},"type":"if","locations":[{"start":{"line":83,"column":4},"end":{"line":87,"column":5}},{"start":{},"end":{}}],"line":83},"4":{"loc":{"start":{"line":106,"column":4},"end":{"line":108,"column":5}},"type":"if","locations":[{"start":{"line":106,"column":4},"end":{"line":108,"column":5}},{"start":{},"end":{}}],"line":106},"5":{"loc":{"start":{"line":120,"column":4},"end":{"line":122,"column":5}},"type":"if","locations":[{"start":{"line":120,"column":4},"end":{"line":122,"column":5}},{"start":{},"end":{}}],"line":120},"6":{"loc":{"start":{"line":120,"column":8},"end":{"line":120,"column":81}},"type":"binary-expr","locations":[{"start":{"line":120,"column":8},"end":{"line":120,"column":35}},{"start":{"line":120,"column":39},"end":{"line":120,"column":81}}],"line":120},"7":{"loc":{"start":{"line":130,"column":4},"end":{"line":132,"column":5}},"type":"if","locations":[{"start":{"line":130,"column":4},"end":{"line":132,"column":5}},{"start":{},"end":{}}],"line":130},"8":{"loc":{"start":{"line":142,"column":4},"end":{"line":144,"column":5}},"type":"if","locations":[{"start":{"line":142,"column":4},"end":{"line":144,"column":5}},{"start":{},"end":{}}],"line":142},"9":{"loc":{"start":{"line":146,"column":4},"end":{"line":148,"column":5}},"type":"if","locations":[{"start":{"line":146,"column":4},"end":{"line":148,"column":5}},{"start":{},"end":{}}],"line":146},"10":{"loc":{"start":{"line":156,"column":4},"end":{"line":158,"column":5}},"type":"if","locations":[{"start":{"line":156,"column":4},"end":{"line":158,"column":5}},{"start":{},"end":{}}],"line":156},"11":{"loc":{"start":{"line":176,"column":4},"end":{"line":185,"column":5}},"type":"if","locations":[{"start":{"line":176,"column":4},"end":{"line":185,"column":5}},{"start":{},"end":{}}],"line":176},"12":{"loc":{"start":{"line":204,"column":4},"end":{"line":206,"column":5}},"type":"if","locations":[{"start":{"line":204,"column":4},"end":{"line":206,"column":5}},{"start":{},"end":{}}],"line":204},"13":{"loc":{"start":{"line":224,"column":4},"end":{"line":226,"column":5}},"type":"if","locations":[{"start":{"line":224,"column":4},"end":{"line":226,"column":5}},{"start":{},"end":{}}],"line":224},"14":{"loc":{"start":{"line":237,"column":29},"end":{"line":239,"column":89}},"type":"cond-expr","locations":[{"start":{"line":237,"column":64},"end":{"line":237,"column":85}},{"start":{"line":238,"column":28},"end":{"line":239,"column":89}}],"line":237},"15":{"loc":{"start":{"line":238,"column":28},"end":{"line":239,"column":89}},"type":"cond-expr","locations":[{"start":{"line":238,"column":52},"end":{"line":238,"column":74}},{"start":{"line":239,"column":28},"end":{"line":239,"column":89}}],"line":238},"16":{"loc":{"start":{"line":239,"column":28},"end":{"line":239,"column":89}},"type":"cond-expr","locations":[{"start":{"line":239,"column":54},"end":{"line":239,"column":66}},{"start":{"line":239,"column":69},"end":{"line":239,"column":89}}],"line":239},"17":{"loc":{"start":{"line":273,"column":4},"end":{"line":275,"column":5}},"type":"if","locations":[{"start":{"line":273,"column":4},"end":{"line":275,"column":5}},{"start":{},"end":{}}],"line":273},"18":{"loc":{"start":{"line":285,"column":4},"end":{"line":287,"column":5}},"type":"if","locations":[{"start":{"line":285,"column":4},"end":{"line":287,"column":5}},{"start":{},"end":{}}],"line":285}},"s":{"0":1,"1":1,"2":1,"3":1,"4":1,"5":1,"6":0,"7":0,"8":0,"9":0,"10":0,"11":0,"12":0,"13":0,"14":0,"15":0,"16":0,"17":1,"18":0,"19":0,"20":0,"21":0,"22":0,"23":0,"24":0,"25":0,"26":0,"27":0,"28":0,"29":0,"30":0,"31":0,"32":0,"33":0,"34":0,"35":0,"36":0,"37":0,"38":0,"39":0,"40":0,"41":0,"42":1,"43":0,"44":0,"45":0,"46":0,"47":0,"48":0,"49":0,"50":0,"51":0,"52":0,"53":0,"54":0,"55":0,"56":0,"57":0,"58":0,"59":0,"60":0,"61":0,"62":0,"63":0,"64":0,"65":0,"66":0,"67":0,"68":0,"69":0,"70":0,"71":0,"72":1,"73":0,"74":0,"75":0,"76":0,"77":0,"78":0,"79":0,"80":0,"81":0,"82":0,"83":0,"84":0,"85":0,"86":0,"87":0,"88":0,"89":0,"90":1,"91":0,"92":0,"93":0,"94":0,"95":0,"96":0,"97":0,"98":0,"99":0,"100":0,"101":0,"102":0,"103":0,"104":0,"105":0,"106":1},"f":{"0":0,"1":0,"2":0,"3":0,"4":0},"b":{"0":[0,0],"1":[0,0],"2":[0,0],"3":[0,0],"4":[0,0],"5":[0,0],"6":[0,0],"7":[0,0],"8":[0,0],"9":[0,0],"10":[0,0],"11":[0,0],"12":[0,0],"13":[0,0],"14":[0,0],"15":[0,0],"16":[0,0],"17":[0,0],"18":[0,0]},"_coverageSchema":"1a1c01bbd47fc00a2c39e90264f33305004495a9","hash":"3543a5c49636b1db81997d8d2aeee96b4b168724"}
,"/home/explofish/.paperclip/instances/default/workspaces/ddd672a9-8bb3-4658-bd28-b42c7ea19ebc/job-platform/backend/routes/auth.js": {"path":"/home/explofish/.paperclip/instances/default/workspaces/ddd672a9-8bb3-4658-bd28-b42c7ea19ebc/job-platform/backend/routes/auth.js","statementMap":{"0":{"start":{"line":1,"column":16},"end":{"line":1,"column":34}},"1":{"start":{"line":2,"column":15},"end":{"line":2,"column":34}},"2":{"start":{"line":3,"column":12},"end":{"line":3,"column":35}},"3":{"start":{"line":4,"column":35},"end":{"line":4,"column":63}},"4":{"start":{"line":5,"column":23},"end":{"line":5,"column":38}},"5":{"start":{"line":7,"column":15},"end":{"line":7,"column":31}},"6":{"start":{"line":9,"column":19},"end":{"line":9,"column":83}},"7":{"start":{"line":10,"column":23},"end":{"line":10,"column":27}},"8":{"start":{"line":13,"column":22},"end":{"line":23,"column":1}},"9":{"start":{"line":14,"column":2},"end":{"line":22,"column":4}},"10":{"start":{"line":39,"column":0},"end":{"line":164,"column":3}},"11":{"start":{"line":62,"column":2},"end":{"line":163,"column":3}},"12":{"start":{"line":64,"column":19},"end":{"line":64,"column":40}},"13":{"start":{"line":65,"column":4},"end":{"line":71,"column":5}},"14":{"start":{"line":66,"column":6},"end":{"line":70,"column":9}},"15":{"start":{"line":69,"column":42},"end":{"line":69,"column":75}},"16":{"start":{"line":73,"column":69},"end":{"line":73,"column":77}},"17":{"start":{"line":74,"column":15},"end":{"line":74,"column":32}},"18":{"start":{"line":77,"column":25},"end":{"line":80,"column":5}},"19":{"start":{"line":82,"column":4},"end":{"line":87,"column":5}},"20":{"start":{"line":83,"column":6},"end":{"line":86,"column":9}},"21":{"start":{"line":90,"column":17},"end":{"line":90,"column":41}},"22":{"start":{"line":91,"column":25},"end":{"line":91,"column":58}},"23":{"start":{"line":94,"column":19},"end":{"line":94,"column":27}},"24":{"start":{"line":95,"column":23},"end":{"line":100,"column":5}},"25":{"start":{"line":102,"column":17},"end":{"line":102,"column":35}},"26":{"start":{"line":105,"column":22},"end":{"line":105,"column":30}},"27":{"start":{"line":106,"column":26},"end":{"line":106,"column":86}},"28":{"start":{"line":106,"column":66},"end":{"line":106,"column":74}},"29":{"start":{"line":107,"column":17},"end":{"line":107,"column":41}},"30":{"start":{"line":108,"column":18},"end":{"line":108,"column":42}},"31":{"start":{"line":110,"column":4},"end":{"line":116,"column":6}},"32":{"start":{"line":119,"column":4},"end":{"line":126,"column":5}},"33":{"start":{"line":120,"column":6},"end":{"line":125,"column":8}},"34":{"start":{"line":129,"column":30},"end":{"line":129,"column":38}},"35":{"start":{"line":130,"column":27},"end":{"line":130,"column":37}},"36":{"start":{"line":131,"column":4},"end":{"line":131,"column":60}},"37":{"start":{"line":133,"column":4},"end":{"line":137,"column":6}},"38":{"start":{"line":140,"column":4},"end":{"line":142,"column":7}},"39":{"start":{"line":141,"column":6},"end":{"line":141,"column":63}},"40":{"start":{"line":145,"column":4},"end":{"line":155,"column":7}},"41":{"start":{"line":158,"column":4},"end":{"line":158,"column":42}},"42":{"start":{"line":159,"column":4},"end":{"line":162,"column":7}},"43":{"start":{"line":171,"column":0},"end":{"line":229,"column":3}},"44":{"start":{"line":172,"column":2},"end":{"line":228,"column":3}},"45":{"start":{"line":173,"column":22},"end":{"line":173,"column":31}},"46":{"start":{"line":175,"column":4},"end":{"line":180,"column":5}},"47":{"start":{"line":176,"column":6},"end":{"line":179,"column":9}},"48":{"start":{"line":182,"column":15},"end":{"line":182,"column":32}},"49":{"start":{"line":185,"column":24},"end":{"line":193,"column":5}},"50":{"start":{"line":195,"column":4},"end":{"line":200,"column":5}},"51":{"start":{"line":196,"column":6},"end":{"line":199,"column":9}},"52":{"start":{"line":202,"column":22},"end":{"line":202,"column":41}},"53":{"start":{"line":205,"column":4},"end":{"line":208,"column":6}},"54":{"start":{"line":211,"column":4},"end":{"line":214,"column":6}},"55":{"start":{"line":216,"column":4},"end":{"line":220,"column":7}},"56":{"start":{"line":223,"column":4},"end":{"line":223,"column":54}},"57":{"start":{"line":224,"column":4},"end":{"line":227,"column":7}},"58":{"start":{"line":236,"column":26},"end":{"line":236,"column":110}},"59":{"start":{"line":239,"column":2},"end":{"line":259,"column":5}},"60":{"start":{"line":274,"column":0},"end":{"line":346,"column":3}},"61":{"start":{"line":281,"column":2},"end":{"line":345,"column":3}},"62":{"start":{"line":282,"column":19},"end":{"line":282,"column":40}},"63":{"start":{"line":283,"column":4},"end":{"line":285,"column":5}},"64":{"start":{"line":284,"column":6},"end":{"line":284,"column":62}},"65":{"start":{"line":287,"column":63},"end":{"line":287,"column":71}},"66":{"start":{"line":288,"column":15},"end":{"line":288,"column":32}},"67":{"start":{"line":291,"column":25},"end":{"line":294,"column":5}},"68":{"start":{"line":296,"column":4},"end":{"line":298,"column":5}},"69":{"start":{"line":297,"column":6},"end":{"line":297,"column":68}},"70":{"start":{"line":301,"column":17},"end":{"line":301,"column":41}},"71":{"start":{"line":302,"column":25},"end":{"line":302,"column":58}},"72":{"start":{"line":305,"column":23},"end":{"line":310,"column":5}},"73":{"start":{"line":312,"column":17},"end":{"line":312,"column":35}},"74":{"start":{"line":315,"column":4},"end":{"line":327,"column":5}},"75":{"start":{"line":316,"column":6},"end":{"line":320,"column":8}},"76":{"start":{"line":321,"column":11},"end":{"line":327,"column":5}},"77":{"start":{"line":322,"column":6},"end":{"line":326,"column":8}},"78":{"start":{"line":330,"column":18},"end":{"line":330,"column":37}},"79":{"start":{"line":332,"column":4},"end":{"line":341,"column":7}},"80":{"start":{"line":343,"column":4},"end":{"line":343,"column":48}},"81":{"start":{"line":344,"column":4},"end":{"line":344,"column":59}},"82":{"start":{"line":349,"column":0},"end":{"line":402,"column":3}},"83":{"start":{"line":353,"column":2},"end":{"line":401,"column":3}},"84":{"start":{"line":354,"column":19},"end":{"line":354,"column":40}},"85":{"start":{"line":355,"column":4},"end":{"line":357,"column":5}},"86":{"start":{"line":356,"column":6},"end":{"line":356,"column":62}},"87":{"start":{"line":359,"column":32},"end":{"line":359,"column":40}},"88":{"start":{"line":360,"column":15},"end":{"line":360,"column":32}},"89":{"start":{"line":363,"column":23},"end":{"line":366,"column":5}},"90":{"start":{"line":368,"column":4},"end":{"line":370,"column":5}},"91":{"start":{"line":369,"column":6},"end":{"line":369,"column":68}},"92":{"start":{"line":372,"column":17},"end":{"line":372,"column":35}},"93":{"start":{"line":375,"column":4},"end":{"line":377,"column":5}},"94":{"start":{"line":376,"column":6},"end":{"line":376,"column":71}},"95":{"start":{"line":380,"column":28},"end":{"line":380,"column":78}},"96":{"start":{"line":382,"column":4},"end":{"line":384,"column":5}},"97":{"start":{"line":383,"column":6},"end":{"line":383,"column":68}},"98":{"start":{"line":387,"column":18},"end":{"line":387,"column":37}},"99":{"start":{"line":389,"column":4},"end":{"line":397,"column":7}},"100":{"start":{"line":399,"column":4},"end":{"line":399,"column":41}},"101":{"start":{"line":400,"column":4},"end":{"line":400,"column":52}},"102":{"start":{"line":405,"column":0},"end":{"line":466,"column":3}},"103":{"start":{"line":406,"column":2},"end":{"line":465,"column":3}},"104":{"start":{"line":407,"column":15},"end":{"line":407,"column":32}},"105":{"start":{"line":408,"column":23},"end":{"line":408,"column":31}},"106":{"start":{"line":410,"column":23},"end":{"line":413,"column":5}},"107":{"start":{"line":415,"column":4},"end":{"line":417,"column":5}},"108":{"start":{"line":416,"column":6},"end":{"line":416,"column":63}},"109":{"start":{"line":419,"column":17},"end":{"line":419,"column":35}},"110":{"start":{"line":422,"column":18},"end":{"line":422,"column":22}},"111":{"start":{"line":423,"column":4},"end":{"line":451,"column":5}},"112":{"start":{"line":424,"column":28},"end":{"line":443,"column":7}},"113":{"start":{"line":444,"column":6},"end":{"line":444,"column":38}},"114":{"start":{"line":445,"column":11},"end":{"line":451,"column":5}},"115":{"start":{"line":446,"column":28},"end":{"line":449,"column":7}},"116":{"start":{"line":450,"column":6},"end":{"line":450,"column":38}},"117":{"start":{"line":453,"column":4},"end":{"line":461,"column":7}},"118":{"start":{"line":463,"column":4},"end":{"line":463,"column":44}},"119":{"start":{"line":464,"column":4},"end":{"line":464,"column":58}},"120":{"start":{"line":470,"column":21},"end":{"line":470,"column":49}},"121":{"start":{"line":471,"column":16},"end":{"line":471,"column":54}},"122":{"start":{"line":473,"column":2},"end":{"line":475,"column":3}},"123":{"start":{"line":474,"column":4},"end":{"line":474,"column":68}},"124":{"start":{"line":477,"column":2},"end":{"line":483,"column":5}},"125":{"start":{"line":478,"column":4},"end":{"line":480,"column":5}},"126":{"start":{"line":479,"column":6},"end":
[...]
0}},"92":{"start":{"line":251,"column":8},"end":{"line":251,"column":42}},"93":{"start":{"line":255,"column":29},"end":{"line":255,"column":63}},"94":{"start":{"line":256,"column":6},"end":{"line":259,"column":7}},"95":{"start":{"line":257,"column":8},"end":{"line":257,"column":20}},"96":{"start":{"line":258,"column":8},"end":{"line":258,"column":43}},"97":{"start":{"line":262,"column":6},"end":{"line":266,"column":7}},"98":{"start":{"line":264,"column":8},"end":{"line":264,"column":20}},"99":{"start":{"line":265,"column":8},"end":{"line":265,"column":49}},"100":{"start":{"line":269,"column":6},"end":{"line":276,"column":7}},"101":{"start":{"line":270,"column":8},"end":{"line":275,"column":11}},"102":{"start":{"line":280,"column":4},"end":{"line":288,"column":5}},"103":{"start":{"line":281,"column":6},"end":{"line":287,"column":8}},"104":{"start":{"line":290,"column":4},"end":{"line":293,"column":7}},"105":{"start":{"line":295,"column":4},"end":{"line":295,"column":52}},"106":{"start":{"line":296,"column":4},"end":{"line":296,"column":66}},"107":{"start":{"line":300,"column":0},"end":{"line":300,"column":24}}},"fnMap":{"0":{"name":"(anonymous_0)","decl":{"start":{"line":7,"column":45},"end":{"line":7,"column":46}},"loc":{"start":{"line":7,"column":65},"end":{"line":55,"column":1}},"line":7},"1":{"name":"(anonymous_1)","decl":{"start":{"line":58,"column":46},"end":{"line":58,"column":47}},"loc":{"start":{"line":58,"column":66},"end":{"line":115,"column":1}},"line":58},"2":{"name":"(anonymous_2)","decl":{"start":{"line":118,"column":47},"end":{"line":118,"column":48}},"loc":{"start":{"line":118,"column":67},"end":{"line":137,"column":1}},"line":118},"3":{"name":"(anonymous_3)","decl":{"start":{"line":140,"column":45},"end":{"line":140,"column":46}},"loc":{"start":{"line":140,"column":65},"end":{"line":169,"column":1}},"line":140},"4":{"name":"(anonymous_4)","decl":{"start":{"line":172,"column":44},"end":{"line":172,"column":45}},"loc":{"start":{"line":172,"column":64},"end":{"line":298,"column":1}},"line":172},"5":{"name":"(anonymous_5)","decl":{"start":{"line":230,"column":59},"end":{"line":230,"column":60}},"loc":{"start":{"line":230,"column":64},"end":{"line":230,"column":68}},"line":230},"6":{"name":"(anonymous_6)","decl":{"start":{"line":232,"column":44},"end":{"line":232,"column":45}},"loc":{"start":{"line":232,"column":50},"end":{"line":232,"column":81}},"line":232}},"branchMap":{"0":{"loc":{"start":{"line":11,"column":12},"end":{"line":11,"column":25}},"type":"default-arg","locations":[{"start":{"line":11,"column":23},"end":{"line":11,"column":25}}],"line":11},"1":{"loc":{"start":{"line":11,"column":27},"end":{"line":11,"column":37}},"type":"default-arg","locations":[{"start":{"line":11,"column":35},"end":{"line":11,"column":37}}],"line":11},"2":{"loc":{"start":{"line":19,"column":4},"end":{"line":21,"column":5}},"type":"if","locations":[{"start":{"line":19,"column":4},"end":{"line":21,"column":5}},{"start":{},"end":{}}],"line":19},"3":{"loc":{"start":{"line":62,"column":19},"end":{"line":62,"column":32}},"type":"default-arg","locations":[{"start":{"line":62,"column":30},"end":{"line":62,"column":32}}],"line":62},"4":{"loc":{"start":{"line":62,"column":34},"end":{"line":62,"column":44}},"type":"default-arg","locations":[{"start":{"line":62,"column":42},"end":{"line":62,"column":44}}],"line":62},"5":{"loc":{"start":{"line":70,"column":4},"end":{"line":72,"column":5}},"type":"if","locations":[{"start":{"line":70,"column":4},"end":{"line":72,"column":5}},{"start":{},"end":{}}],"line":70},"6":{"loc":{"start":{"line":100,"column":4},"end":{"line":104,"column":5}},"type":"if","locations":[{"start":{"line":100,"column":4},"end":{"line":104,"column":5}},{"start":{},"end":{}}],"line":100},"7":{"loc":{"start":{"line":125,"column":22},"end":{"line":125,"column":97}},"type":"cond-expr","locations":[{"start":{"line":125,"column":48},"end":{"line":125,"column":71}},{"start":{"line":125,"column":74},"end":{"line":125,"column":97}}],"line":125},"8":{"loc":{"start":{"line":155,"column":4},"end":{"line":157,"column":5}},"type":"if","locations":[{"start":{"line":155,"column":4},"end":{"line":157,"column":5}},{"start":{},"end":{}}],"line":155},"9":{"loc":{"start":{"line":164,"column":24},"end":{"line":164,"column":63}},"type":"cond-expr","locations":[{"start":{"line":164,"column":32},"end":{"line":164,"column":45}},{"start":{"line":164,"column":48},"end":{"line":164,"column":63}}],"line":164},"10":{"loc":{"start":{"line":197,"column":4},"end":{"line":199,"column":5}},"type":"if","locations":[{"start":{"line":197,"column":4},"end":{"line":199,"column":5}},{"start":{},"end":{}}],"line":197},"11":{"loc":{"start":{"line":231,"column":23},"end":{"line":231,"column":48}},"type":"binary-expr","locations":[{"start":{"line":231,"column":23},"end":{"line":231,"column":42}},{"start":{"line":231,"column":46},"end":{"line":231,"column":48}}],"line":231},"12":{"loc":{"start":{"line":234,"column":6},"end":{"line":238,"column":7}},"type":"if","locations":[{"start":{"line":234,"column":6},"end":{"line":238,"column":7}},{"start":{},"end":{}}],"line":234},"13":{"loc":{"start":{"line":241,"column":6},"end":{"line":252,"column":7}},"type":"if","locations":[{"start":{"line":241,"column":6},"end":{"line":252,"column":7}},{"start":{"line":244,"column":13},"end":{"line":252,"column":7}}],"line":241},"14":{"loc":{"start":{"line":244,"column":13},"end":{"line":252,"column":7}},"type":"if","locations":[{"start":{"line":244,"column":13},"end":{"line":252,"column":7}},{"start":{"line":248,"column":13},"end":{"line":252,"column":7}}],"line":244},"15":{"loc":{"start":{"line":244,"column":17},"end":{"line":245,"column":89}},"type":"binary-expr","locations":[{"start":{"line":244,"column":17},"end":{"line":244,"column":34}},{"start":{"line":244,"column":38},"end":{"line":244,"column":60}},{"start":{"line":245,"column":17},"end":{"line":245,"column":89}}],"line":244},"16":{"loc":{"start":{"line":248,"column":13},"end":{"line":252,"column":7}},"type":"if","locations":[{"start":{"line":248,"column":13},"end":{"line":252,"column":7}},{"start":{},"end":{}}],"line":248},"17":{"loc":{"start":{"line":248,"column":17},"end":{"line":249,"column":91}},"type":"binary-expr","locations":[{"start":{"line":248,"column":17},"end":{"line":248,"column":35}},{"start":{"line":248,"column":39},"end":{"line":248,"column":62}},{"start":{"line":249,"column":17},"end":{"line":249,"column":91}}],"line":248},"18":{"loc":{"start":{"line":255,"column":29},"end":{"line":255,"column":63}},"type":"binary-expr","locations":[{"start":{"line":255,"column":29},"end":{"line":255,"column":57}},{"start":{"line":255,"column":61},"end":{"line":255,"column":63}}],"line":255},"19":{"loc":{"start":{"line":256,"column":6},"end":{"line":259,"column":7}},"type":"if","locations":[{"start":{"line":256,"column":6},"end":{"line":259,"column":7}},{"start":{},"end":{}}],"line":256},"20":{"loc":{"start":{"line":262,"column":6},"end":{"line":266,"column":7}},"type":"if","locations":[{"start":{"line":262,"column":6},"end":{"line":266,"column":7}},{"start":{},"end":{}}],"line":262},"21":{"loc":{"start":{"line":262,"column":10},"end":{"line":263,"column":62}},"type":"binary-expr","locations":[{"start":{"line":262,"column":10},"end":{"line":262,"column":24}},{"start":{"line":262,"column":28},"end":{"line":262,"column":56}},{"start":{"line":263,"column":10},"end":{"line":263,"column":62}}],"line":262},"22":{"loc":{"start":{"line":269,"column":6},"end":{"line":276,"column":7}},"type":"if","locations":[{"start":{"line":269,"column":6},"end":{"line":276,"column":7}},{"start":{},"end":{}}],"line":269}},"s":{"0":1,"1":1,"2":1,"3":1,"4":0,"5":0,"6":0,"7":0,"8":0,"9":0,"10":0,"11":0,"12":0,"13":0,"14":0,"15":0,"16":1,"17":0,"18":0,"19":0,"20":0,"21":0,"22":0,"23":0,"24":0,"25":0,"26":0,"27":0,"28":0,"29":0,"30":0,"31":0,"32":0,"33":0,"34":0,"35":0,"36":0,"37":0,"38":1,"39":0,"40":0,"41":0,"42":0,"43":0,"44":0,"45":0,"46":0,"47":0,"48":0,"49":1,"50":0,"51":0,"52":0,"53":0,"54":0,"55":0,"56":0,"57":0,"58":0,"59":0,"60":0,"61":0,"62":1,"63":0,"64":0,"65":0,"66":0,"67":0,"68":0,"69":0,"70":0,"71":0,"72":0,"73":0,"74":0,"75":0,"76":0,"77":0,"78":0,"79":0,"80":0,"81":0,"82":0,"83":0,"84":0,"85":0,"86":0,"87":0,"88":0,"89":0,"90":0,"91":0,"92":0,"93":0,"94":0,"95":0,"96":0,"97":0,"98":0,"99":0,"100":0,"101":0,"102":0,"103":0,"104":0,"105":0,"106":0,"107":1},"f":{"0":0,"1":0,"2":0,"3":0,"4":0,"5":0,"6":0},"b":{"0":[0],"1":[0],"2":[0,0],"3":[0],"4":[0],"5":[0,0],"6":[0,0],"7":[0,0],"8":[0,0],"9":[0,0],"10":[0,0],"11":[0,0],"12":[0,0],"13":[0,0],"14":[0,0],"15":[0,0,0],"16":[0,0],"17":[0,0,0],"18":[0,0],"19":[0,0],"20":[0,0],"21":[0,0,0],"22":[0,0]},"_coverageSchema":"1a1c01bbd47fc00a2c39e90264f33305004495a9","hash":"039caf8d72a76f5ed865709ee6b4785c2d07f21f"}
,"/home/explofish/.paperclip/instances/default/workspaces/ddd672a9-8bb3-4658-bd28-b42c7ea19ebc/job-platform/backend/routes/notifications.js": {"path":"/home/explofish/.paperclip/instances/default/workspaces/ddd672a9-8bb3-4658-bd28-b42c7ea19ebc/job-platform/backend/routes/notifications.js","statementMap":{"0":{"start":{"line":1,"column":16},"end":{"line":1,"column":34}},"1":{"start":{"line":2,"column":30},"end":{"line":2,"column":47}},"2":{"start":{"line":4,"column":15},"end":{"line":4,"column":31}},"3":{"start":{"line":7,"column":0},"end":{"line":36,"column":3}},"4":{"start":{"line":8,"column":2},"end":{"line":35,"column":3}},"5":{"start":{"line":9,"column":15},"end":{"line":9,"column":32}},"6":{"start":{"line":10,"column":23},"end":{"line":10,"column":31}},"7":{"start":{"line":11,"column":47},"end":{"line":11,"column":56}},"8":{"start":{"line":13,"column":16},"end":{"line":16,"column":5}},"9":{"start":{"line":18,"column":19},"end":{"line":18,"column":27}},"10":{"start":{"line":19,"column":21},"end":{"line":19,"column":22}},"11":{"start":{"line":21,"column":4},"end":{"line":25,"column":5}},"12":{"start":{"line":22,"column":6},"end":{"line":22,"column":19}},"13":{"start":{"line":23,"column":6},"end":{"line":23,"column":47}},"14":{"start":{"line":24,"column":6},"end":{"line":24,"column":25}},"15":{"start":{"line":27,"column":4},"end":{"line":27,"column":64}},"16":{"start":{"line":28,"column":4},"end":{"line":28,"column":33}},"17":{"start":{"line":30,"column":19},"end":{"line":30,"column":48}},"18":{"start":{"line":31,"column":4},"end":{"line":31,"column":26}},"19":{"start":{"line":33,"column":4},"end":{"line":33,"column":53}},"20":{"start":{"line":34,"column":4},"end":{"line":34,"column":67}},"21":{"start":{"line":39,"column":0},"end":{"line":59,"column":3}},"22":{"start":{"line":40,"column":2},"end":{"line":58,"column":3}},"23":{"start":{"line":41,"column":15},"end":{"line":41,"column":32}},"24":{"start":{"line":42,"column":23},"end":{"line":42,"column":31}},"25":{"start":{"line":43,"column":19},"end":{"line":43,"column":29}},"26":{"start":{"line":45,"column":19},"end":{"line":48,"column":5}},"27":{"start":{"line":50,"column":4},"end":{"line":52,"column":5}},"28":{"start":{"line":51,"column":6},"end":{"line":51,"column":71}},"29":{"start":{"line":54,"column":4},"end":{"line":54,"column":57}},"30":{"start":{"line":56,"column":4},"end":{"line":56,"column":58}},"31":{"start":{"line":57,"column":4},"end":{"line":57,"column":75}},"32":{"start":{"line":62,"column":0},"end":{"line":77,"column":3}},"33":{"start":{"line":63,"column":2},"end":{"line":76,"column":3}},"34":{"start":{"line":64,"column":15},"end":{"line":64,"column":32}},"35":{"start":{"line":65,"column":23},"end":{"line":65,"column":31}},"36":{"start":{"line":67,"column":4},"end":{"line":70,"column":6}},"37":{"start":{"line":72,"column":4},"end":{"line":72,"column":62}},"38":{"start":{"line":74,"column":4},"end":{"line":74,"column":49}},"39":{"start":{"line":75,"column":4},"end":{"line":75,"column":76}},"40":{"start":{"line":80,"column":0},"end":{"line":96,"column":3}},"41":{"start":{"line":81,"column":2},"end":{"line":95,"column":3}},"42":{"start":{"line":82,"column":15},"end":{"line":82,"column":32}},"43":{"start":{"line":83,"column":23},"end":{"line":83,"column":31}},"44":{"start":{"line":84,"column":19},"end":{"line":84,"column":29}},"45":{"start":{"line":86,"column":4},"end":{"line":89,"column":6}},"46":{"start":{"line":91,"column":4},"end":{"line":91,"column":50}},"47":{"start":{"line":93,"column":4},"end":{"line":93,"column":55}},"48":{"start":{"line":94,"column":4},"end":{"line":94,"column":69}},"49":{"start":{"line":99,"column":0},"end":{"line":114,"column":3}},"50":{"start":{"line":100,"column":2},"end":{"line":113,"column":3}},"51":{"start":{"line":101,"column":15},"end":{"line":101,"column":32}},"52":{"start":{"line":102,"column":23},"end":{"line":102,"column":31}},"53":{"start":{"line":104,"column":19},"end":{"line":107,"column":5}},"54":{"start":{"line":109,"column":4},"end":{"line":109,"column":62}},"55":{"start":{"line":111,"column":4},"end":{"line":111,"column":52}},"56":{"start":{"line":112,"column":4},"end":{"line":112,"column":66}},"57":{"start":{"line":116,"column":0},"end":{"line":116,"column":24}}},"fnMap":{"0":{"name":"(anonymous_0)","decl":{"start":{"line":7,"column":35},"end":{"line":7,"column":36}},"loc":{"start":{"line":7,"column":55},"end":{"line":36,"column":1}},"line":7},"1":{"name":"(anonymous_1)","decl":{"start":{"line":39,"column":45},"end":{"line":39,"column":46}},"loc":{"start":{"line":39,"column":65},"end":{"line":59,"column":1}},"line":39},"2":{"name":"(anonymous_2)","decl":{"start":{"line":62,"column":50},"end":{"line":62,"column":51}},"loc":{"start":{"line":62,"column":70},"end":{"line":77,"column":1}},"line":62},"3":{"name":"(anonymous_3)","decl":{"start":{"line":80,"column":41},"end":{"line":80,"column":42}},"loc":{"start":{"line":80,"column":61},"end":{"line":96,"column":1}},"line":80},"4":{"name":"(anonymous_4)","decl":{"start":{"line":99,"column":47},"end":{"line":99,"column":48}},"loc":{"start":{"line":99,"column":67},"end":{"line":114,"column":1}},"line":99}},"branchMap":{"0":{"loc":{"start":{"line":11,"column":12},"end":{"line":11,"column":30}},"type":"default-arg","locations":[{"start":{"line":11,"column":25},"end":{"line":11,"column":30}}],"line":11},"1":{"loc":{"start":{"line":11,"column":32},"end":{"line":11,"column":42}},"type":"default-arg","locations":[{"start":{"line":11,"column":40},"end":{"line":11,"column":42}}],"line":11},"2":{"loc":{"start":{"line":21,"column":4},"end":{"line":25,"column":5}},"type":"if","locations":[{"start":{"line":21,"column":4},"end":{"line":25,"column":5}},{"start":{},"end":{}}],"line":21},"3":{"loc":{"start":{"line":50,"column":4},"end":{"line":52,"column":5}},"type":"if","locations":[{"start":{"line":50,"column":4},"end":{"line":52,"column":5}},{"start":{},"end":{}}],"line":50}},"s":{"0":1,"1":1,"2":1,"3":1,"4":0,"5":0,"6":0,"7":0,"8":0,"9":0,"10":0,"11":0,"12":0,"13":0,"14":0,"15":0,"16":0,"17":0,"18":0,"19":0,"20":0,"21":1,"22":0,"23":0,"24":0,"25":0,"26":0,"27":0,"28":0,"29":0,"30":0,"31":0,"32":1,"33":0,"34":0,"35":0,"36":0,"37":0,"38":0,"39":0,"40":1,"41":0,"42":0,"43":0,"44":0,"45":0,"46":0,"47":0,"48":0,"49":1,"50":0,"51":0,"52":0,"53":0,"54":0,"55":0,"56":0,"57":1},"f":{"0":0,"1":0,"2":0,"3":0,"4":0},"b":{"0":[0],"1":[0],"2":[0,0],"3":[0,0]},"_coverageSchema":"1a1c01bbd47fc00a2c39e90264f33305004495a9","hash":"20e84d8dfb17d68c5b8ac6449089c290844f165b"}
,"/home/explofish/.paperclip/instances/default/workspaces/ddd672a9-8bb3-4658-bd28-b42c7ea19ebc/job-platform/backend/routes/specializations.js": {"path":"/home/explofish/.paperclip/instances/default/workspaces/ddd672a9-8bb3-4658-bd28-b42c7ea19ebc/job-platform/backend/routes/specializations.js","statementMap":{"0":{"start":{"line":1,"column":16},"end":{"line":1,"column":34}},"1":{"start":{"line":3,"column":15},"end":{"line":3,"column":31}},"2":{"start":{"line":6,"column":0},"end":{"line":35,"column":3}},"3":{"start":{"line":7,"column":2},"end":{"line":34,"column":3}},"4":{"start":{"line":8,"column":15},"end":{"line":8,"column":32}},"5":{"start":{"line":9,"column":33},"end":{"line":9,"column":42}},"6":{"start":{"line":11,"column":16},"end":{"line":11,"column":57}},"7":{"start":{"line":12,"column":19},"end":{"line":12,"column":21}},"8":{"start":{"line":13,"column":21},"end":{"line":13,"column":22}},"9":{"start":{"line":15,"column":4},"end":{"line":19,"column":5}},"10":{"start":{"line":16,"column":6},"end":{"line":16,"column":19}},"11":{"start":{"line":17,"column":6},"end":{"line":17,"column":48}},"12":{"start":{"line":18,"column":6},"end":{"line":18,"column":28}},"13":{"start":{"line":21,"column":4},"end":{"line":25,"column":5}},"14":{"start":{"line":22,"column":6},"end":{"line":22,"column":19}},"15":{"start":{"line":23,"column":6},"end":{"line":23,"column":48}},"16":{"start":{"line":24,"column":6},"end":{"line":24,"column":33}},"17":{"start":{"line":27,"column":4},"end":{"line":27,"column":40}},"18":{"start":{"line":29,"column":19},"end":{"line":29,"column":48}},"19":{"start":{"line":30,"column":4},"end":{"line":30,"column":26}},"20":{"start":{"line":32,"column":4},"end":{"line":32,"column":55}},"21":{"start":{"line":33,"column":4},"end":{"line":33,"column":69}},"22":{"start":{"line":38,"column":0},"end":{"line":57,"column":3}},"23":{"start":{"line":39,"column":2},"end":{"line":56,"column":3}},"24":{"start":{"line":40,"column":15},"end":{"line":40,"column":32}},"25":{"start":{"line":41,"column":19},"end":{"line":41,"column":29}},"26":{"start":{"line":43,"column":19},"end":{"line":46,"column":5}},"27":{"start":{"line":48,"column":4},"end":{"line":50,"column":5}},"28":{"start":{"line":49,"column":6},"end":{"line":49,"column":73}},"29":{"start":{"line":52,"column":4},"end":{"line":52,"column":29}},"30":{"start":{"line":54,"column":4},"end":{"line":54,"column":54}},"31":{"start":{"line":55,"column":4},"end":{"line":55,"column":68}},"32":{"start":{"line":60,"column":0},"end":{"line":75,"column":3}},"33":{"start":{"line":61,"column":2},"end":{"line":74,"column":3}},"34":{"start":{"line":62,"column":15},"end":{"line":62,"column":32}},"35":{"start":{"line":63,"column":25},"end":{"line":63,"column":35}},"36":{"start":{"line":65,"column":19},"end":{"line":68,"column":5}},"37":{"start":{"line":70,"column":4},"end":{"line":70,"column":26}},"38":{"start":{"line":72,"column":4},"end":{"line":72,"column":67}},"39":{"start":{"line":73,"column":4},"end":{"line":73,"column":69}},"40":{"start":{"line":77,"column":0},"end":{"line":77,"column":24}}},"fnMap":{"0":{"name":"(anonymous_0)","decl":{"start":{"line":6,"column":16},"end":{"line":6,"column":17}},"loc":{"start":{"line":6,"column":36},"end":{"line":35,"column":1}},"line":6},"1":{"name":"(anonymous_1)","decl":{"start":{"line":38,"column":19},"end":{"line":38,"column":20}},"loc":{"start":{"line":38,"column":39},"end":{"line":57,"column":1}},"line":38},"2":{"name":"(anonymous_2)","decl":{"start":{"line":60,"column":34},"end":{"line":60,"column":35}},"loc":{"start":{"line":60,"column":54},"end":{"line":75,"column":1}},"line":60}},"branchMap":{"0":{"loc":{"start":{"line":15,"column":4},"end":{"line":19,"column":5}},"type":"if","locations":[{"start":{"line":15,"column":4},"end":{"line":19,"column":5}},{"start":{},"end":{}}],"line":15},"1":{"loc":{"start":{"line":21,"column":4},"end":{"line":25,"column":5}},"type":"if","locations":[{"start":{"line":21,"column":4},"end":{"line":25,"column":5}},{"start":{},"end":{}}],"line":21},"2":{"loc":{"start":{"line":48,"column":4},"end":{"line":50,"column":5}},"type":"if","locations":[{"start":{"line":48,"column":4},"end":{"line":50,"column":5}},{"start":{},"end":{}}],"line":48}},"s":{"0":1,"1":1,"2":1,"3":0,"4":0,"5":0,"6":0,"7":0,"8":0,"9":0,"10":0,"11":0,"12":0,"13":0,"14":0,"15":0,"16":0,"17":0,"18":0,"19":0,"20":0,"21":0,"22":1,"23":0,"24":0,"25":0,"26":0,"27":0,"28":0,"29":0,"30":0,"31":0,"32":1,"33":0,"34":0,"35":0,"36":0,"37":0,"38":0,"39":0,"40":1},"f":{"0":0,"1":0,"2":0},"b":{"0":[0,0],"1":[0,0],"2":[0,0]},"_coverageSchema":"1a1c01bbd47fc00a2c39e90264f33305004495a9","hash":"8469c2594d97f1d86955e129ded9cc51d1f13e3c"}
}
