TN:
SF:server.js
FN:30,(anonymous_0)
FN:46,(anonymous_1)
FN:55,(anonymous_2)
FN:61,(anonymous_3)
FNF:4
FNH:1
FNDA:0,(anonymous_0)
FNDA:0,(anonymous_1)
FNDA:0,(anonymous_2)
FNDA:1,(anonymous_3)
DA:1,1
DA:2,1
DA:3,1
DA:4,1
DA:5,1
DA:6,1
DA:8,1
DA:9,1
DA:12,1
DA:21,1
DA:22,1
DA:23,1
DA:24,1
DA:27,1
DA:30,1
DA:31,0
DA:35,1
DA:36,1
DA:37,1
DA:38,1
DA:39,1
DA:40,1
DA:41,1
DA:42,1
DA:43,1
DA:46,1
DA:47,0
DA:48,0
DA:55,1
DA:56,0
DA:60,1
DA:61,1
DA:62,1
DA:63,1
DA:67,1
LF:35
LH:31
BRDA:9,0,0,1
BRDA:9,0,1,1
BRDA:13,1,0,1
BRDA:13,1,1,1
BRDA:14,2,0,1
BRDA:14,2,1,1
BRDA:15,3,0,1
BRDA:15,3,1,1
BRDA:16,4,0,1
BRDA:16,4,1,1
BRDA:17,5,0,1
BRDA:17,5,1,1
BRDA:50,6,0,0
BRDA:50,6,1,0
BRDA:60,7,0,1
BRDA:60,7,1,0
BRF:16
BRH:13
end_of_record
TN:
SF:email-system/EmailService.js
FN:27,(anonymous_0)
FN:39,(anonymous_1)
FN:63,(anonymous_2)
FN:75,(anonymous_3)
FN:89,(anonymous_4)
FN:100,(anonymous_5)
FN:117,(anonymous_6)
FN:139,(anonymous_7)
FN:158,(anonymous_8)
FN:200,(anonymous_9)
FN:214,(anonymous_10)
FN:233,(anonymous_11)
FN:250,(anonymous_12)
FN:264,(anonymous_13)
FN:276,(anonymous_14)
FN:294,(anonymous_15)
FN:307,(anonymous_16)
FN:320,(anonymous_17)
FN:330,(anonymous_18)
FNF:19
FNH:3
FNDA:1,(anonymous_0)
FNDA:1,(anonymous_1)
FNDA:0,(anonymous_2)
FNDA:0,(anonymous_3)
FNDA:1,(anonymous_4)
FNDA:0,(anonymous_5)
FNDA:0,(anonymous_6)
FNDA:0,(anonymous_7)
FNDA:0,(anonymous_8)
FNDA:0,(anonymous_9)
FNDA:0,(anonymous_10)
FNDA:0,(anonymous_11)
FNDA:0,(anonymous_12)
FNDA:0,(anonymous_13)
FNDA:0,(anonymous_14)
FNDA:0,(anonymous_15)
FNDA:0,(anonymous_16)
FNDA:0,(anonymous_17)
FNDA:0,(anonymous_18)
DA:24,1
DA:28,1
DA:29,1
DA:30,1
DA:31,1
DA:32,1
DA:33,1
DA:36,1
DA:40,1
DA:42,0
DA:43,0
DA:45,0
DA:46,0
DA:48,1
DA:49,1
DA:51,0
DA:52,0
DA:54,0
DA:55,0
DA:58,0
DA:59,0
DA:64,0
DA:65,0
DA:66,0
DA:67,0
DA:68,0
DA:70,0
DA:71,0
DA:76,0
DA:77,0
DA:78,0
DA:81,0
DA:82,0
DA:84,0
DA:85,0
DA:90,1
DA:91,1
DA:92,1
DA:93,0
DA:95,1
DA:96,1
DA:101,0
DA:102,0
DA:103,0
DA:104,0
DA:105,0
DA:109,0
DA:110,0
DA:112,0
DA:113,0
DA:118,0
DA:119,0
DA:120,0
DA:129,0
DA:131,0
DA:132,0
DA:140,0
DA:141,0
DA:144,0
DA:145,0
DA:146,0
DA:149,0
DA:150,0
DA:151,0
DA:159,0
DA:161,0
DA:163,0
DA:166,0
DA:168,0
DA:169,0
DA:171,0
DA:172,0
DA:174,0
DA:175,0
DA:177,0
DA:178,0
DA:180,0
DA:181,0
DA:183,0
DA:186,0
DA:188,0
DA:195,0
DA:196,0
DA:201,0
DA:210,0
DA:211,0
DA:215,0
DA:228,0
DA:229,0
DA:230,0
DA:234,0
DA:246,0
DA:247,0
DA:251,0
DA:260,0
DA:261,0
DA:265,0
DA:273,0
DA:277,0
DA:288,0
DA:295,0
DA:301,0
DA:302,0
DA:304,0
DA:305,0
DA:307,0
DA:308,0
DA:309,0
DA:310,0
DA:312,0
DA:316,0
DA:319,0
DA:320,0
DA:324,0
DA:331,0
DA:333,0
DA:340,0
DA:347,0
DA:357,1
LF:119
LH:17
BRDA:27,0,0,1
BRDA:28,1,0,1
BRDA:28,1,1,1
BRDA:28,1,2,1
BRDA:29,2,0,1
BRDA:29,2,1,1
BRDA:29,2,2,1
BRDA:30,3,0,1
BRDA:30,3,1,1
BRDA:30,3,2,1
BRDA:31,4,0,1
BRDA:31,4,1,1
BRDA:31,4,2,1
BRDA:40,5,0,0
BRDA:40,5,1,0
BRDA:40,5,2,1
BRDA:40,5,3,0
BRDA:40,5,4,0
BRDA:40,5,5,0
BRDA:79,6,0,0
BRDA:79,6,1,0
BRDA:122,7,0,0
BRDA:122,7,1,0
BRDA:144,8,0,0
BRDA:144,8,1,0
BRDA:149,9,0,0
BRDA:149,9,1,0
BRDA:161,10,0,0
BRDA:161,10,1,0
BRDA:166,11,0,0
BRDA:166,11,1,0
BRDA:166,11,2,0
BRDA:166,11,3,0
BRDA:166,11,4,0
BRDA:166,11,5,0
BRDA:190,12,0,0
BRDA:190,12,1,0
BRDA:190,12,2,0
BRDA:207,13,0,0
BRDA:207,13,1,0
BRDA:225,14,0,0
BRDA:225,14,1,0
BRDA:239,15,0,0
BRDA:239,15,1,0
BRDA:240,16,0,0
BRDA:240,16,1,0
BRDA:241,17,0,0
BRDA:241,17,1,0
BRDA:256,18,0,0
BRDA:256,18,1,0
BRDA:257,19,0,0
BRDA:257,19,1,0
BRDA:271,20,0,0
BRDA:271,20,1,0
BRDA:285,21,0,0
BRDA:285,21,1,0
BRDA:294,22,0,0
BRDA:301,23,0,0
BRDA:301,23,1,0
BRDA:302,24,0,0
BRDA:302,24,1,0
BRDA:319,25,0,0
BRDA:319,25,1,0
BRF:63
BRH:14
end_of_record
TN:
SF:email-system/EmailTemplates.js
FN:9,(anonymous_0)
FN:13,(anonymous_1)
FN:27,(anonymous_2)
FN:42,(anonymous_3)
FN:56,(anonymous_4)
FN:71,(anonymous_5)
FN:86,(anonymous_6)
FN:94,(anonymous_7)
FN:95,(anonymous_8)
FN:107,(anonymous_9)
FN:114,(anonymous_10)
FN:132,(anonymous_11)
FN:133,(anonymous_12)
FN:139,(anonymous_13)
FN:238,(anonymous_14)
FN:330,(anonymous_15)
FN:401,(anonymous_16)
FN:490,(anonymous_17)
FNF:18
FNH:2
FNDA:1,(anonymous_0)
FNDA:1,(anonymous_1)
FNDA:0,(anonymous_2)
FNDA:0,(anonymous_3)
FNDA:0,(anonymous_4)
FNDA:0,(anonymous_5)
FNDA:0,(anonymous_6)
FNDA:0,(anonymous_7)
FNDA:0,(anonymous_8)
FNDA:0,(anonymous_9)
FNDA:0,(anonymous_10)
FNDA:0,(anonymous_11)
FNDA:0,(anonymous_12)
FNDA:0,(anonymous_13)
FNDA:0,(anonymous_14)
FNDA:0,(anonymous_15)
FNDA:0,(anonymous_16)
FNDA:0,(anonymous_17)
DA:10,1
DA:14,1
DA:27,0
DA:42,0
DA:56,0
DA:71,0
DA:86,0
DA:95,0
DA:108,0
DA:115,0
DA:116,0
DA:117,0
DA:120,0
DA:122,0
DA:133,0
DA:134,0
DA:146,0
DA:148,0
DA:212,0
DA:235,0
DA:245,0
DA:247,0
DA:307,0
DA:327,0
DA:336,0
DA:338,0
DA:382,0
DA:398,0
DA:408,0
DA:410,0
DA:467,0
DA:487,0
DA:497,0
DA:499,0
DA:559,0
DA:579,0
DA:583,1
LF:37
LH:3
BRDA:114,0,0,0
BRDA:116,1,0,0
BRDA:116,1,1,0
BRDA:134,2,0,0
BRDA:134,2,1,0
BRDA:141,3,0,0
BRDA:142,4,0,0
BRDA:143,5,0,0
BRDA:144,6,0,0
BRDA:145,7,0,0
BRDA:187,8,0,0
BRDA:187,8,1,0
BRDA:224,9,0,0
BRDA:224,9,1,0
BRDA:240,10,0,0
BRDA:241,11,0,0
BRDA:242,12,0,0
BRDA:243,13,0,0
BRDA:244,14,0,0
BRDA:287,15,0,0
BRDA:287,15,1,0
BRDA:320,16,0,0
BRDA:320,16,1,0
BRDA:332,17,0,0
BRDA:333,18,0,0
BRDA:334,19,0,0
BRDA:335,20,0,0
BRDA:367,21,0,0
BRDA:367,21,1,0
BRDA:392,22,0,0
BRDA:392,22,1,0
BRDA:403,23,0,0
BRDA:404,24,0,0
BRDA:405,25,0,0
BRDA:406,26,0,0
BRDA:407,27,0,0
BRDA:446,28,0,0
BRDA:446,28,1,0
BRDA:476,29,0,0
BRDA:476,29,1,0
BRDA:492,30,0,0
BRDA:493,31,0,0
BRDA:494,32,0,0
BRDA:495,33,0,0
BRDA:496,34,0,0
BRDA:539,35,0,0
BRDA:539,35,1,0
BRDA:572,36,0,0
BRDA:572,36,1,0
BRF:49
BRH:0
end_of_record
TN:
SF:email-system/routes.js
FN:28,(anonymous_0)
FN:62,(anonymous_1)
FN:139,(anonymous_2)
FN:158,(anonymous_3)
FN:182,(anonymous_4)
FN:183,(anonymous_5)
FN:193,(anonymous_6)
FN:194,(anonymous_7)
FN:232,(anonymous_8)
FN:325,(anonymous_9)
FN:343,(anonymous_10)
FNF:11
FNH:0
FNDA:0,(anonymous_0)
FNDA:0,(anonymous_1)
FNDA:0,(anonymous_2)
FNDA:0,(anonymous_3)
FNDA:0,(anonymous_4)
FNDA:0,(anonymous_5)
FNDA:0,(anonymous_6)
FNDA:0,(anonymous_7)
FNDA:0,(anonymous_8)
FNDA:0,(anonymous_9)
FNDA:0,(anonymous_10)
DA:11,1
DA:12,1
DA:13,1
DA:14,1
DA:15,1
DA:17,1
DA:20,1
DA:21,1
DA:28,1
DA:29,0
DA:30,0
DA:31,0
DA:36,0
DA:37,0
DA:57,1
DA:63,0
DA:64,0
DA:65,0
DA:66,0
DA:73,0
DA:76,0
DA:79,0
DA:82,0
DA:92,0
DA:93,0
DA:101,0
DA:109,0
DA:110,0
DA:133,1
DA:140,0
DA:141,0
DA:142,0
DA:143,0
DA:155,0
DA:158,0
DA:159,0
DA:160,0
DA:162,0
DA:173,0
DA:179,0
DA:180,0
DA:183,0
DA:184,0
DA:194,0
DA:195,0
DA:205,0
DA:207,0
DA:214,0
DA:215,0
DA:232,1
DA:233,0
DA:234,0
DA:235,0
DA:238,0
DA:239,0
DA:240,0
DA:242,0
DA:243,0
DA:244,0
DA:246,0
DA:247,0
DA:248,0
DA:250,0
DA:251,0
DA:252,0
DA:255,0
DA:260,0
DA:274,0
DA:288,0
DA:304,0
DA:312,0
DA:313,0
DA:325,1
DA:326,0
DA:327,0
DA:328,0
DA:330,0
DA:331,0
DA:343,1
DA:344,0
DA:345,0
DA:346,0
DA:350,0
DA:351,0
DA:352,0
DA:353,0
DA:355,0
DA:356,0
DA:359,0
DA:363,0
DA:366,0
DA:370,0
DA:373,0
DA:377,0
DA:380,0
DA:384,0
DA:387,0
DA:391,0
DA:396,0
DA:398,0
DA:399,0
DA:403,1
LF:102
LH:15
BRDA:65,0,0,0
BRDA:65,0,1,0
BRDA:73,1,0,0
BRDA:112,2,0,0
BRDA:112,2,1,0
BRDA:142,3,0,0
BRDA:142,3,1,0
BRDA:153,4,0,0
BRDA:154,5,0,0
BRDA:160,6,0,0
BRDA:160,6,1,0
BRDA:217,7,0,0
BRDA:217,7,1,0
BRDA:242,8,0,0
BRDA:242,8,1,0
BRDA:246,9,0,0
BRDA:246,9,1,0
BRDA:250,10,0,0
BRDA:250,10,1,0
BRDA:255,11,0,0
BRDA:255,11,1,0
BRDA:350,12,0,0
BRDA:350,12,1,0
BRDA:350,13,0,0
BRDA:350,13,1,0
BRDA:351,14,0,0
BRDA:351,14,1,0
BRDA:352,15,0,0
BRDA:352,15,1,0
BRDA:353,16,0,0
BRDA:353,16,1,0
BRDA:353,16,2,0
BRDA:355,17,0,0
BRDA:355,17,1,0
BRDA:356,18,0,0
BRDA:356,18,1,0
BRDA:356,18,2,0
BRDA:356,18,3,0
BRDA:356,18,4,0
BRDA:356,18,5,0
BRDA:356,18,6,0
BRDA:356,18,7,0
BRDA:356,18,8,0
BRDA:356,18,9,0
BRDA:382,19,0,0
BRDA:382,19,1,0
BRF:46
BRH:0
end_of_record
TN:
SF:routes/applications.js
FN:9,(anonymous_0)
FN:45,(anonymous_1)
FN:103,(anonymous_2)
FN:201,(anonymous_3)
FN:261,(anonymous_4)
FNF:5
FNH:0
FNDA:0,(anonymous_0)
FNDA:0,(anonymous_1)
FNDA:0,(anonymous_2)
FNDA:0,(anonymous_3)
FNDA:0,(anonymous_4)
DA:1,1
DA:2,1
DA:3,1
DA:4,1
DA:6,1
DA:9,1
DA:10,0
DA:11,0
DA:12,0
DA:15,0
DA:20,0
DA:21,0
DA:24,0
DA:26,0
DA:37,0
DA:39,0
DA:40,0
DA:45,1
DA:46,0
DA:47,0
DA:48,0
DA:49,0
DA:52,0
DA:57,0
DA:58,0
DA:61,0
DA:63,0
DA:74,0
DA:75,0
DA:77,0
DA:78,0
DA:79,0
DA:80,0
DA:83,0
DA:84,0
DA:85,0
DA:86,0
DA:89,0
DA:91,0
DA:92,0
DA:94,0
DA:95,0
DA:100,1
DA:104,0
DA:105,0
DA:106,0
DA:107,0
DA:110,0
DA:111,0
DA:112,0
DA:115,0
DA:120,0
DA:121,0
DA:125,0
DA:130,0
DA:131,0
DA:134,0
DA:137,0
DA:142,0
DA:143,0
DA:146,0
DA:147,0
DA:151,0
DA:156,0
DA:157,0
DA:161,0
DA:169,0
DA:176,0
DA:177,0
DA:187,0
DA:192,0
DA:193,0
DA:198,1
DA:202,0
DA:203,0
DA:204,0
DA:205,0
DA:208,0
DA:209,0
DA:210,0
DA:211,0
DA:214,0
DA:224,0
DA:225,0
DA:228,0
DA:237,0
DA:241,0
DA:250,0
DA:255,0
DA:256,0
DA:261,1
DA:262,0
DA:263,0
DA:264,0
DA:265,0
DA:268,0
DA:273,0
DA:274,0
DA:277,0
DA:280,0
DA:285,0
DA:286,0
DA:289,0
DA:294,0
DA:296,0
DA:297,0
DA:301,1
LF:107
LH:11
BRDA:20,0,0,0
BRDA:20,0,1,0
BRDA:57,1,0,0
BRDA:57,1,1,0
BRDA:77,2,0,0
BRDA:77,2,1,0
BRDA:83,3,0,0
BRDA:83,3,1,0
BRDA:106,4,0,0
BRDA:106,4,1,0
BRDA:120,5,0,0
BRDA:120,5,1,0
BRDA:120,6,0,0
BRDA:120,6,1,0
BRDA:130,7,0,0
BRDA:130,7,1,0
BRDA:142,8,0,0
BRDA:142,8,1,0
BRDA:146,9,0,0
BRDA:146,9,1,0
BRDA:156,10,0,0
BRDA:156,10,1,0
BRDA:176,11,0,0
BRDA:176,11,1,0
BRDA:204,12,0,0
BRDA:204,12,1,0
BRDA:224,13,0,0
BRDA:224,13,1,0
BRDA:237,14,0,0
BRDA:237,14,1,0
BRDA:238,15,0,0
BRDA:238,15,1,0
BRDA:239,16,0,0
BRDA:239,16,1,0
BRDA:273,17,0,0
BRDA:273,17,1,0
BRDA:285,18,0,0
BRDA:285,18,1,0
BRF:38
BRH:0
end_of_record
TN:
SF:routes/auth.js
FN:13,(anonymous_0)
FN:61,(anonymous_1)
FN:69,(anonymous_2)
FN:106,(anonymous_3)
FN:140,(anonymous_4)
FN:171,(anonymous_5)
FN:235,sendVerificationEmail
FN:280,(anonymous_7)
FN:352,(anonymous_8)
FN:405,(anonymous_9)
FN:469,authenticateToken
FN:477,(anonymous_11)
FNF:12
FNH:4
FNDA:0,(anonymous_0)
FNDA:63,(anonymous_1)
FNDA:32,(anonymous_2)
FNDA:8,(anonymous_3)
FNDA:0,(anonymous_4)
FNDA:0,(anonymous_5)
FNDA:27,sendVerificationEmail
FNDA:0,(anonymous_7)
FNDA:0,(anonymous_8)
FNDA:0,(anonymous_9)
FNDA:0,authenticateToken
FNDA:0,(anonymous_11)
DA:1,1
DA:2,1
DA:3,1
DA:4,1
DA:5,1
DA:7,1
DA:9,1
DA:10,1
DA:13,1
DA:14,0
DA:39,1
DA:62,63
DA:64,63
DA:65,63
DA:66,30
DA:69,32
DA:73,33
DA:74,33
DA:77,33
DA:82,33
DA:83,3
DA:90,30
DA:91,30
DA:94,30
DA:95,30
DA:102,29
DA:105,29
DA:106,29
DA:107,29
DA:108,29
DA:110,29
DA:119,27
DA:120,4
DA:129,27
DA:130,27
DA:131,27
DA:133,27
DA:140,27
DA:141,0
DA:145,27
DA:158,7
DA:159,7
DA:171,1
DA:172,0
DA:173,0
DA:175,0
DA:176,0
DA:182,0
DA:185,0
DA:195,0
DA:196,0
DA:202,0
DA:205,0
DA:211,0
DA:216,0
DA:223,0
DA:224,0
DA:236,27
DA:239,27
DA:274,1
DA:281,0
DA:282,0
DA:283,0
DA:284,0
DA:287,0
DA:288,0
DA:291,0
DA:296,0
DA:297,0
DA:301,0
DA:302,0
DA:305,0
DA:312,0
DA:315,0
DA:316,0
DA:321,0
DA:322,0
DA:330,0
DA:332,0
DA:343,0
DA:344,0
DA:349,1
DA:353,0
DA:354,0
DA:355,0
DA:356,0
DA:359,0
DA:360,0
DA:363,0
DA:368,0
DA:369,0
DA:372,0
DA:375,0
DA:376,0
DA:380,0
DA:382,0
DA:383,0
DA:387,0
DA:389,0
DA:399,0
DA:400,0
DA:405,1
DA:406,0
DA:407,0
DA:408,0
DA:410,0
DA:415,0
DA:416,0
DA:419,0
DA:422,0
DA:423,0
DA:424,0
DA:444,0
DA:445,0
DA:446,0
DA:450,0
DA:453,0
DA:463,0
DA:464,0
DA:470,0
DA:471,0
DA:473,0
DA:474,0
DA:477,0
DA:478,0
DA:479,0
DA:481,0
DA:482,0
DA:486,1
DA:487,1
LF:130
LH:48
BRDA:9,0,0,1
BRDA:9,0,1,1
BRDA:65,1,0,30
BRDA:65,1,1,33
BRDA:82,2,0,3
BRDA:82,2,1,30
BRDA:106,3,0,4
BRDA:106,3,1,25
BRDA:107,4,0,29
BRDA:107,4,1,25
BRDA:108,5,0,29
BRDA:108,5,1,25
BRDA:115,6,0,29
BRDA:115,6,1,25
BRDA:119,7,0,4
BRDA:119,7,1,23
BRDA:175,8,0,0
BRDA:175,8,1,0
BRDA:195,9,0,0
BRDA:195,9,1,0
BRDA:236,10,0,27
BRDA:236,10,1,27
BRDA:283,11,0,0
BRDA:283,11,1,0
BRDA:296,12,0,0
BRDA:296,12,1,0
BRDA:315,13,0,0
BRDA:315,13,1,0
BRDA:321,14,0,0
BRDA:321,14,1,0
BRDA:325,15,0,0
BRDA:325,15,1,0
BRDA:355,16,0,0
BRDA:355,16,1,0
BRDA:368,17,0,0
BRDA:368,17,1,0
BRDA:375,18,0,0
BRDA:375,18,1,0
BRDA:382,19,0,0
BRDA:382,19,1,0
BRDA:415,20,0,0
BRDA:415,20,1,0
BRDA:423,21,0,0
BRDA:423,21,1,0
BRDA:445,22,0,0
BRDA:445,22,1,0
BRDA:471,23,0,0
BRDA:471,23,1,0
BRDA:473,24,0,0
BRDA:473,24,1,0
BRDA:478,25,0,0
BRDA:478,25,1,0
BRF:52
BRH:18
end_of_record
TN:
SF:routes/employers.js
FN:8,(anonymous_0)
FN:59,(anonymous_1)
FN:95,(anonymous_2)
FN:160,(anonymous_3)
FNF:4
FNH:0
FNDA:0,(anonymous_0)
FNDA:0,(anonymous_1)
FNDA:0,(anonymous_2)
FNDA:0,(anonymous_3)
DA:1,1
DA:2,1
DA:3,1
DA:5,1
DA:8,1
DA:9,0
DA:10,0
DA:17,0
DA:19,0
DA:26,0
DA:27,0
DA:29,0
DA:30,0
DA:31,0
DA:32,0
DA:35,0
DA:36,0
DA:37,0
DA:38,0
DA:41,0
DA:42,0
DA:43,0
DA:44,0
DA:47,0
DA:48,0
DA:50,0
DA:51,0
DA:53,0
DA:54,0
DA:59,1
DA:60,0
DA:61,0
DA:62,0
DA:64,0
DA:73,0
DA:74,0
DA:77,0
DA:79,0
DA:80,0
DA:85,1
DA:96,0
DA:97,0
DA:98,0
DA:99,0
DA:102,0
DA:103,0
DA:106,0
DA:111,0
DA:112,0
DA:125,0
DA:127,0
DA:145,0
DA:146,0
DA:149,0
DA:154,0
DA:155,0
DA:160,1
DA:161,0
DA:162,0
DA:163,0
DA:166,0
DA:171,0
DA:172,0
DA:175,0
DA:177,0
DA:198,0
DA:200,0
DA:201,0
DA:205,1
LF:69
LH:9
BRDA:15,0,0,0
BRDA:16,1,0,0
BRDA:29,2,0,0
BRDA:29,2,1,0
BRDA:35,3,0,0
BRDA:35,3,1,0
BRDA:41,4,0,0
BRDA:41,4,1,0
BRDA:73,5,0,0
BRDA:73,5,1,0
BRDA:98,6,0,0
BRDA:98,6,1,0
BRDA:111,7,0,0
BRDA:111,7,1,0
BRDA:111,8,0,0
BRDA:111,8,1,0
BRDA:145,9,0,0
BRDA:145,9,1,0
BRDA:171,10,0,0
BRDA:171,10,1,0
BRF:20
BRH:0
end_of_record
TN:
SF:routes/graduates.js
FN:8,(anonymous_0)
FN:82,(anonymous_1)
FN:133,(anonymous_2)
FN:204,(anonymous_3)
FN:244,(anonymous_4)
FNF:5
FNH:0
FNDA:0,(anonymous_0)
FNDA:0,(anonymous_1)
FNDA:0,(anonymous_2)
FNDA:0,(anonymous_3)
FNDA:0,(anonymous_4)
DA:1,1
DA:2,1
DA:3,1
DA:5,1
DA:8,1
DA:9,0
DA:10,0
DA:18,0
DA:20,0
DA:39,0
DA:40,0
DA:42,0
DA:43,0
DA:44,0
DA:49,0
DA:52,0
DA:53,0
DA:54,0
DA:55,0
DA:58,0
DA:59,0
DA:60,0
DA:61,0
DA:64,0
DA:65,0
DA:66,0
DA:67,0
DA:70,0
DA:71,0
DA:73,0
DA:74,0
DA:76,0
DA:77,0
DA:82,1
DA:83,0
DA:84,0
DA:85,0
DA:87,0
DA:110,0
DA:111,0
DA:114,0
DA:116,0
DA:117,0
DA:122,1
DA:134,0
DA:135,0
DA:136,0
DA:137,0
DA:140,0
DA:141,0
DA:144,0
DA:149,0
DA:150,0
DA:164,0
DA:166,0
DA:185,0
DA:186,0
DA:189,0
DA:194,0
DA:195,0
DA:200,1
DA:205,0
DA:206,0
DA:207,0
DA:208,0
DA:211,0
DA:212,0
DA:213,0
DA:216,0
DA:221,0
DA:222,0
DA:225,0
DA:228,0
DA:236,0
DA:238,0
DA:239,0
DA:244,1
DA:245,0
DA:246,0
DA:247,0
DA:248,0
DA:251,0
DA:256,0
DA:257,0
DA:260,0
DA:262,0
DA:267,0
DA:269,0
DA:270,0
DA:274,1
LF:90
LH:10
BRDA:16,0,0,0
BRDA:17,1,0,0
BRDA:42,2,0,0
BRDA:42,2,1,0
BRDA:52,3,0,0
BRDA:52,3,1,0
BRDA:58,4,0,0
BRDA:58,4,1,0
BRDA:64,5,0,0
BRDA:64,5,1,0
BRDA:110,6,0,0
BRDA:110,6,1,0
BRDA:136,7,0,0
BRDA:136,7,1,0
BRDA:149,8,0,0
BRDA:149,8,1,0
BRDA:149,9,0,0
BRDA:149,9,1,0
BRDA:185,10,0,0
BRDA:185,10,1,0
BRDA:207,11,0,0
BRDA:207,11,1,0
BRDA:213,12,0,0
BRDA:213,13,0,0
BRDA:221,14,0,0
BRDA:221,14,1,0
BRDA:256,15,0,0
BRDA:256,15,1,0
BRF:28
BRH:0
end_of_record
TN:
SF:routes/jobs.js
FN:9,(anonymous_0)
FN:98,(anonymous_1)
FN:146,(anonymous_2)
FN:231,(anonymous_3)
FN:300,(anonymous_4)
FNF:5
FNH:0
FNDA:0,(anonymous_0)
FNDA:0,(anonymous_1)
FNDA:0,(anonymous_2)
FNDA:0,(anonymous_3)
FNDA:0,(anonymous_4)
DA:1,1
DA:2,1
DA:3,1
DA:4,1
DA:6,1
DA:9,1
DA:10,0
DA:11,0
DA:21,0
DA:23,0
DA:43,0
DA:44,0
DA:46,0
DA:47,0
DA:48,0
DA:49,0
DA:52,0
DA:53,0
DA:54,0
DA:59,0
DA:62,0
DA:63,0
DA:64,0
DA:65,0
DA:68,0
DA:69,0
DA:70,0
DA:71,0
DA:74,0
DA:75,0
DA:76,0
DA:77,0
DA:80,0
DA:81,0
DA:82,0
DA:83,0
DA:86,0
DA:87,0
DA:89,0
DA:90,0
DA:92,0
DA:93,0
DA:98,1
DA:99,0
DA:100,0
DA:101,0
DA:103,0
DA:127,0
DA:128,0
DA:131,0
DA:133,0
DA:134,0
DA:139,1
DA:147,0
DA:148,0
DA:149,0
DA:150,0
DA:153,0
DA:154,0
DA:157,0
DA:162,0
DA:163,0
DA:167,0
DA:172,0
DA:173,0
DA:176,0
DA:193,0
DA:195,0
DA:198,0
DA:210,0
DA:211,0
DA:212,0
DA:220,0
DA:225,0
DA:226,0
DA:231,1
DA:232,0
DA:233,0
DA:234,0
DA:235,0
DA:238,0
DA:245,0
DA:246,0
DA:264,0
DA:266,0
DA:289,0
DA:294,0
DA:295,0
DA:300,1
DA:301,0
DA:302,0
DA:303,0
DA:304,0
DA:307,0
DA:314,0
DA:315,0
DA:318,0
DA:320,0
DA:322,0
DA:323,0
DA:327,1
LF:101
LH:11
BRDA:18,0,0,0
BRDA:19,1,0,0
BRDA:20,2,0,0
BRDA:46,3,0,0
BRDA:46,3,1,0
BRDA:52,4,0,0
BRDA:52,4,1,0
BRDA:62,5,0,0
BRDA:62,5,1,0
BRDA:68,6,0,0
BRDA:68,6,1,0
BRDA:74,7,0,0
BRDA:74,7,1,0
BRDA:80,8,0,0
BRDA:80,8,1,0
BRDA:127,9,0,0
BRDA:127,9,1,0
BRDA:149,10,0,0
BRDA:149,10,1,0
BRDA:162,11,0,0
BRDA:162,11,1,0
BRDA:162,12,0,0
BRDA:162,12,1,0
BRDA:172,13,0,0
BRDA:172,13,1,0
BRDA:192,14,0,0
BRDA:205,15,0,0
BRDA:205,15,1,0
BRDA:205,16,0,0
BRDA:205,16,1,0
BRDA:210,17,0,0
BRDA:210,17,1,0
BRDA:215,18,0,0
BRDA:215,18,1,0
BRDA:245,19,0,0
BRDA:245,19,1,0
BRDA:314,20,0,0
BRDA:314,20,1,0
BRF:38
BRH:0
end_of_record
TN:
SF:routes/matches.js
FN:7,(anonymous_0)
FN:58,(anonymous_1)
FN:118,(anonymous_2)
FN:140,(anonymous_3)
FN:172,(anonymous_4)
FN:230,(anonymous_5)
FN:232,(anonymous_6)
FNF:7
FNH:0
FNDA:0,(anonymous_0)
FNDA:0,(anonymous_1)
FNDA:0,(anonymous_2)
FNDA:0,(anonymous_3)
FNDA:0,(anonymous_4)
FNDA:0,(anonymous_5)
FNDA:0,(anonymous_6)
DA:1,1
DA:2,1
DA:4,1
DA:7,1
DA:8,0
DA:9,0
DA:10,0
DA:11,0
DA:14,0
DA:19,0
DA:20,0
DA:23,0
DA:25,0
DA:50,0
DA:52,0
DA:53,0
DA:58,1
DA:59,0
DA:60,0
DA:61,0
DA:62,0
DA:65,0
DA:70,0
DA:71,0
DA:74,0
DA:76,0
DA:97,0
DA:98,0
DA:100,0
DA:101,0
DA:102,0
DA:103,0
DA:106,0
DA:107,0
DA:109,0
DA:110,0
DA:112,0
DA:113,0
DA:118,1
DA:119,0
DA:120,0
DA:121,0
DA:122,0
DA:123,0
DA:125,0
DA:127,0
DA:132,0
DA:134,0
DA:135,0
DA:140,1
DA:141,0
DA:142,0
DA:143,0
DA:144,0
DA:145,0
DA:148,0
DA:155,0
DA:156,0
DA:159,0
DA:164,0
DA:166,0
DA:167,0
DA:172,1
DA:173,0
DA:174,0
DA:175,0
DA:178,0
DA:197,0
DA:198,0
DA:201,0
DA:204,0
DA:223,0
DA:225,0
DA:226,0
DA:227,0
DA:230,0
DA:231,0
DA:232,0
DA:234,0
DA:235,0
DA:236,0
DA:237,0
DA:241,0
DA:242,0
DA:243,0
DA:244,0
DA:246,0
DA:247,0
DA:248,0
DA:250,0
DA:251,0
DA:255,0
DA:256,0
DA:257,0
DA:258,0
DA:262,0
DA:264,0
DA:265,0
DA:269,0
DA:270,0
DA:280,0
DA:281,0
DA:290,0
DA:295,0
DA:296,0
DA:300,1
LF:106
LH:9
BRDA:11,0,0,0
BRDA:11,1,0,0
BRDA:19,2,0,0
BRDA:19,2,1,0
BRDA:62,3,0,0
BRDA:62,4,0,0
BRDA:70,5,0,0
BRDA:70,5,1,0
BRDA:100,6,0,0
BRDA:100,6,1,0
BRDA:125,7,0,0
BRDA:125,7,1,0
BRDA:155,8,0,0
BRDA:155,8,1,0
BRDA:164,9,0,0
BRDA:164,9,1,0
BRDA:197,10,0,0
BRDA:197,10,1,0
BRDA:231,11,0,0
BRDA:231,11,1,0
BRDA:234,12,0,0
BRDA:234,12,1,0
BRDA:241,13,0,0
BRDA:241,13,1,0
BRDA:244,14,0,0
BRDA:244,14,1,0
BRDA:244,15,0,0
BRDA:244,15,1,0
BRDA:244,15,2,0
BRDA:248,16,0,0
BRDA:248,16,1,0
BRDA:248,17,0,0
BRDA:248,17,1,0
BRDA:248,17,2,0
BRDA:255,18,0,0
BRDA:255,18,1,0
BRDA:256,19,0,0
BRDA:256,19,1,0
BRDA:262,20,0,0
BRDA:262,20,1,0
BRDA:262,21,0,0
BRDA:262,21,1,0
BRDA:262,21,2,0
BRDA:269,22,0,0
BRDA:269,22,1,0
BRF:45
BRH:0
end_of_record
TN:
SF:routes/notifications.js
FN:7,(anonymous_0)
FN:39,(anonymous_1)
FN:62,(anonymous_2)
FN:80,(anonymous_3)
FN:99,(anonymous_4)
FNF:5
FNH:0
FNDA:0,(anonymous_0)
FNDA:0,(anonymous_1)
FNDA:0,(anonymous_2)
FNDA:0,(anonymous_3)
FNDA:0,(anonymous_4)
DA:1,1
DA:2,1
DA:4,1
DA:7,1
DA:8,0
DA:9,0
DA:10,0
DA:11,0
DA:13,0
DA:18,0
DA:19,0
DA:21,0
DA:22,0
DA:23,0
DA:24,0
DA:27,0
DA:28,0
DA:30,0
DA:31,0
DA:33,0
DA:34,0
DA:39,1
DA:40,0
DA:41,0
DA:42,0
DA:43,0
DA:45,0
DA:50,0
DA:51,0
DA:54,0
DA:56,0
DA:57,0
DA:62,1
DA:63,0
DA:64,0
DA:65,0
DA:67,0
DA:72,0
DA:74,0
DA:75,0
DA:80,1
DA:81,0
DA:82,0
DA:83,0
DA:84,0
DA:86,0
DA:91,0
DA:93,0
DA:94,0
DA:99,1
DA:100,0
DA:101,0
DA:102,0
DA:104,0
DA:109,0
DA:111,0
DA:112,0
DA:116,1
LF:58
LH:9
BRDA:11,0,0,0
BRDA:11,1,0,0
BRDA:21,2,0,0
BRDA:21,2,1,0
BRDA:50,3,0,0
BRDA:50,3,1,0
BRF:6
BRH:0
end_of_record
TN:
SF:routes/specializations.js
FN:6,(anonymous_0)
FN:38,(anonymous_1)
FN:60,(anonymous_2)
FNF:3
FNH:0
FNDA:0,(anonymous_0)
FNDA:0,(anonymous_1)
FNDA:0,(anonymous_2)
DA:1,1
DA:3,1
DA:6,1
DA:7,0
DA:8,0
DA:9,0
DA:11,0
DA:12,0
DA:13,0
DA:15,0
DA:16,0
DA:17,0
DA:18,0
DA:21,0
DA:22,0
DA:23,0
DA:24,0
DA:27,0
DA:29,0
DA:30,0
DA:32,0
DA:33,0
DA:38,1
DA:39,0
DA:40,0
DA:41,0
DA:43,0
DA:48,0
DA:49,0
DA:52,0
DA:54,0
DA:55,0
DA:60,1
DA:61,0
DA:62,0
DA:63,0
DA:65,0
DA:70,0
DA:72,0
DA:73,0
DA:77,1
LF:41
LH:6
BRDA:15,0,0,0
BRDA:15,0,1,0
BRDA:21,1,0,0
BRDA:21,1,1,0
BRDA:48,2,0,0
BRDA:48,2,1,0
BRF:6
BRH:0
end_of_record
